Epoch: [0][0/236]	Time 18.814 (18.814)	Loss 0.8311 (0.8311)
Epoch: [0][1/236]	Time 1.121 (19.936)	Loss 0.3303 (0.5807)
Epoch: [0][2/236]	Time 1.121 (21.057)	Loss -0.0189 (0.3809)
Epoch: [0][3/236]	Time 1.125 (22.182)	Loss -0.5612 (0.1453)
Epoch: [0][4/236]	Time 1.120 (23.302)	Loss -0.8817 (-0.0601)
Epoch: [0][5/236]	Time 1.173 (24.475)	Loss -1.2433 (-0.2573)
Epoch: [0][6/236]	Time 1.153 (25.628)	Loss -1.4038 (-0.4211)
Epoch: [0][7/236]	Time 1.124 (26.752)	Loss -1.4622 (-0.5512)
Epoch: [0][8/236]	Time 1.129 (27.880)	Loss -1.5328 (-0.6603)
Epoch: [0][9/236]	Time 1.198 (29.079)	Loss -1.4136 (-0.7356)
Epoch: [0][10/236]	Time 1.112 (30.190)	Loss -1.6530 (-0.8190)
Epoch: [0][11/236]	Time 1.120 (31.310)	Loss -1.5993 (-0.8840)
Epoch: [0][12/236]	Time 1.133 (32.443)	Loss -1.7781 (-0.9528)
Epoch: [0][13/236]	Time 1.114 (33.557)	Loss -1.7339 (-1.0086)
Epoch: [0][14/236]	Time 1.121 (34.678)	Loss -1.6598 (-1.0520)
Epoch: [0][15/236]	Time 1.121 (35.799)	Loss -1.7940 (-1.0984)
Epoch: [0][16/236]	Time 1.116 (36.915)	Loss -1.7182 (-1.1348)
Epoch: [0][17/236]	Time 1.121 (38.036)	Loss -1.7180 (-1.1672)
Epoch: [0][18/236]	Time 1.127 (39.162)	Loss -1.7344 (-1.1971)
Epoch: [0][19/236]	Time 1.117 (40.280)	Loss -1.7836 (-1.2264)
Epoch: [0][20/236]	Time 1.124 (41.403)	Loss -1.8095 (-1.2542)
Epoch: [0][21/236]	Time 1.191 (42.594)	Loss -1.8738 (-1.2823)
Epoch: [0][22/236]	Time 1.184 (43.778)	Loss -1.7875 (-1.3043)
Epoch: [0][23/236]	Time 1.117 (44.896)	Loss -1.7823 (-1.3242)
Epoch: [0][24/236]	Time 1.122 (46.018)	Loss -1.7807 (-1.3425)
Epoch: [0][25/236]	Time 1.135 (47.153)	Loss -1.7948 (-1.3599)
Epoch: [0][26/236]	Time 1.134 (48.287)	Loss -1.9288 (-1.3809)
Epoch: [0][27/236]	Time 1.117 (49.404)	Loss -1.7928 (-1.3956)
Epoch: [0][28/236]	Time 1.121 (50.526)	Loss -1.7652 (-1.4084)
Epoch: [0][29/236]	Time 1.134 (51.659)	Loss -1.8014 (-1.4215)
Epoch: [0][30/236]	Time 1.122 (52.781)	Loss -1.7566 (-1.4323)
Epoch: [0][31/236]	Time 1.124 (53.906)	Loss -1.8137 (-1.4442)
Epoch: [0][32/236]	Time 1.131 (55.037)	Loss -1.8846 (-1.4576)
Epoch: [0][33/236]	Time 1.134 (56.171)	Loss -1.9748 (-1.4728)
Epoch: [0][34/236]	Time 1.125 (57.296)	Loss -1.8076 (-1.4823)
Epoch: [0][35/236]	Time 1.128 (58.424)	Loss -1.7954 (-1.4910)
Epoch: [0][36/236]	Time 1.127 (59.551)	Loss -1.8792 (-1.5015)
Epoch: [0][37/236]	Time 1.129 (60.680)	Loss -1.8310 (-1.5102)
Epoch: [0][38/236]	Time 1.122 (61.802)	Loss -1.8088 (-1.5179)
Epoch: [0][39/236]	Time 1.124 (62.926)	Loss -1.5446 (-1.5185)
Epoch: [0][40/236]	Time 1.139 (64.065)	Loss -1.7581 (-1.5244)
Epoch: [0][41/236]	Time 1.121 (65.186)	Loss -1.3678 (-1.5206)
Epoch: [0][42/236]	Time 1.126 (66.312)	Loss -1.6106 (-1.5227)
Epoch: [0][43/236]	Time 1.128 (67.440)	Loss -1.4021 (-1.5200)
Epoch: [0][44/236]	Time 1.126 (68.566)	Loss -1.4887 (-1.5193)
Epoch: [0][45/236]	Time 1.124 (69.690)	Loss -1.3268 (-1.5151)
Epoch: [0][46/236]	Time 1.131 (70.820)	Loss -1.7503 (-1.5201)
Epoch: [0][47/236]	Time 1.124 (71.944)	Loss -1.6799 (-1.5234)
Epoch: [0][48/236]	Time 1.133 (73.078)	Loss -1.1790 (-1.5164)
Epoch: [0][49/236]	Time 1.126 (74.204)	Loss -1.7884 (-1.5219)
Epoch: [0][50/236]	Time 1.138 (75.342)	Loss -1.6377 (-1.5241)
Epoch: [0][51/236]	Time 1.124 (76.466)	Loss -1.6004 (-1.5256)
Epoch: [0][52/236]	Time 1.124 (77.590)	Loss -1.2227 (-1.5199)
Epoch: [0][53/236]	Time 1.131 (78.721)	Loss -1.4419 (-1.5184)
Epoch: [0][54/236]	Time 1.218 (79.939)	Loss -1.6051 (-1.5200)
Epoch: [0][55/236]	Time 1.271 (81.210)	Loss -1.8299 (-1.5255)
Epoch: [0][56/236]	Time 1.283 (82.494)	Loss -1.4367 (-1.5240)
Epoch: [0][57/236]	Time 1.194 (83.687)	Loss -1.2211 (-1.5188)
Epoch: [0][58/236]	Time 1.224 (84.911)	Loss -1.8512 (-1.5244)
Epoch: [0][59/236]	Time 1.215 (86.126)	Loss -1.6796 (-1.5270)
Epoch: [0][60/236]	Time 1.135 (87.261)	Loss -1.3744 (-1.5245)
Epoch: [0][61/236]	Time 1.197 (88.458)	Loss -1.6480 (-1.5265)
Epoch: [0][62/236]	Time 1.144 (89.602)	Loss -1.6189 (-1.5279)
Epoch: [0][63/236]	Time 1.121 (90.722)	Loss -1.0907 (-1.5211)
Epoch: [0][64/236]	Time 1.128 (91.850)	Loss -1.9125 (-1.5271)
Epoch: [0][65/236]	Time 1.214 (93.064)	Loss -1.4771 (-1.5264)
Epoch: [0][66/236]	Time 1.132 (94.196)	Loss -1.3585 (-1.5239)
Epoch: [0][67/236]	Time 1.136 (95.331)	Loss -1.2136 (-1.5193)
Epoch: [0][68/236]	Time 1.126 (96.457)	Loss -1.5126 (-1.5192)
Epoch: [0][69/236]	Time 1.130 (97.587)	Loss -1.5002 (-1.5189)
Epoch: [0][70/236]	Time 1.131 (98.718)	Loss -1.7036 (-1.5215)
Epoch: [0][71/236]	Time 1.163 (99.881)	Loss -1.7767 (-1.5251)
Epoch: [0][72/236]	Time 1.245 (101.126)	Loss -1.6627 (-1.5270)
Epoch: [0][73/236]	Time 1.162 (102.288)	Loss -1.7730 (-1.5303)
Epoch: [0][74/236]	Time 1.200 (103.489)	Loss -1.4439 (-1.5291)
Epoch: [0][75/236]	Time 1.138 (104.627)	Loss -1.8303 (-1.5331)
Epoch: [0][76/236]	Time 1.249 (105.876)	Loss -1.7638 (-1.5361)
Epoch: [0][77/236]	Time 1.244 (107.120)	Loss -1.6648 (-1.5378)
Epoch: [0][78/236]	Time 1.238 (108.358)	Loss -1.4193 (-1.5363)
Epoch: [0][79/236]	Time 1.176 (109.534)	Loss -1.3283 (-1.5337)
Epoch: [0][80/236]	Time 1.230 (110.764)	Loss -1.4123 (-1.5322)
Epoch: [0][81/236]	Time 1.276 (112.040)	Loss -1.4029 (-1.5306)
Epoch: [0][82/236]	Time 1.234 (113.275)	Loss -1.7204 (-1.5329)
Epoch: [0][83/236]	Time 1.193 (114.468)	Loss -1.6399 (-1.5341)
Epoch: [0][84/236]	Time 1.207 (115.674)	Loss -1.4826 (-1.5335)
Epoch: [0][85/236]	Time 1.289 (116.963)	Loss -1.3332 (-1.5312)
Epoch: [0][86/236]	Time 1.254 (118.217)	Loss -1.3234 (-1.5288)
Epoch: [0][87/236]	Time 1.257 (119.474)	Loss -1.6132 (-1.5298)
Epoch: [0][88/236]	Time 1.265 (120.739)	Loss -1.2386 (-1.5265)
Epoch: [0][89/236]	Time 1.271 (122.010)	Loss -1.4768 (-1.5259)
Epoch: [0][90/236]	Time 1.127 (123.138)	Loss -1.8865 (-1.5299)
Epoch: [0][91/236]	Time 1.154 (124.292)	Loss -1.8381 (-1.5333)
Epoch: [0][92/236]	Time 1.224 (125.516)	Loss -1.6002 (-1.5340)
Epoch: [0][93/236]	Time 1.179 (126.695)	Loss -1.4307 (-1.5329)
Epoch: [0][94/236]	Time 1.132 (127.827)	Loss -1.6029 (-1.5336)
Epoch: [0][95/236]	Time 1.143 (128.970)	Loss -1.3136 (-1.5313)
Epoch: [0][96/236]	Time 1.204 (130.174)	Loss -1.5570 (-1.5316)
Epoch: [0][97/236]	Time 1.218 (131.392)	Loss -1.9243 (-1.5356)
Epoch: [0][98/236]	Time 1.199 (132.591)	Loss -1.5652 (-1.5359)
Epoch: [0][99/236]	Time 1.137 (133.728)	Loss -1.6009 (-1.5365)
Epoch: [0][100/236]	Time 1.172 (134.899)	Loss -1.7609 (-1.5388)
Epoch: [0][101/236]	Time 1.140 (136.040)	Loss -1.7405 (-1.5407)
Epoch: [0][102/236]	Time 1.137 (137.177)	Loss -1.6885 (-1.5422)
Epoch: [0][103/236]	Time 1.130 (138.307)	Loss -1.6101 (-1.5428)
Epoch: [0][104/236]	Time 1.248 (139.555)	Loss -1.3935 (-1.5414)
Epoch: [0][105/236]	Time 1.262 (140.816)	Loss -1.7252 (-1.5431)
Epoch: [0][106/236]	Time 1.136 (141.953)	Loss -1.7134 (-1.5447)
Epoch: [0][107/236]	Time 1.283 (143.235)	Loss -1.7987 (-1.5471)
Epoch: [0][108/236]	Time 1.202 (144.437)	Loss -1.8699 (-1.5501)
Epoch: [0][109/236]	Time 1.202 (145.639)	Loss -1.4351 (-1.5490)
Epoch: [0][110/236]	Time 1.270 (146.908)	Loss -1.6095 (-1.5496)
Epoch: [0][111/236]	Time 1.133 (148.041)	Loss -1.4939 (-1.5491)
Epoch: [0][112/236]	Time 1.135 (149.177)	Loss -1.6986 (-1.5504)
Epoch: [0][113/236]	Time 1.141 (150.318)	Loss -1.4155 (-1.5492)
Epoch: [0][114/236]	Time 1.213 (151.530)	Loss -1.6759 (-1.5503)
Epoch: [0][115/236]	Time 1.240 (152.770)	Loss -1.1272 (-1.5466)
Epoch: [0][116/236]	Time 1.135 (153.905)	Loss -1.3333 (-1.5448)
Epoch: [0][117/236]	Time 1.141 (155.046)	Loss -1.7751 (-1.5468)
Epoch: [0][118/236]	Time 1.148 (156.195)	Loss -1.4683 (-1.5461)
Epoch: [0][119/236]	Time 1.131 (157.326)	Loss -1.9197 (-1.5492)
Epoch: [0][120/236]	Time 1.220 (158.546)	Loss -1.7325 (-1.5507)
Epoch: [0][121/236]	Time 1.207 (159.753)	Loss -1.3068 (-1.5487)
Epoch: [0][122/236]	Time 1.221 (160.974)	Loss -1.6327 (-1.5494)
Epoch: [0][123/236]	Time 1.275 (162.250)	Loss -1.4791 (-1.5489)
Epoch: [0][124/236]	Time 1.133 (163.383)	Loss -1.3681 (-1.5474)
Epoch: [0][125/236]	Time 1.138 (164.520)	Loss -1.8187 (-1.5496)
Epoch: [0][126/236]	Time 1.138 (165.659)	Loss -1.7289 (-1.5510)
Epoch: [0][127/236]	Time 1.141 (166.800)	Loss -1.6939 (-1.5521)
Epoch: [0][128/236]	Time 1.142 (167.942)	Loss -1.7245 (-1.5534)
Epoch: [0][129/236]	Time 1.229 (169.171)	Loss -1.8188 (-1.5555)
Epoch: [0][130/236]	Time 1.189 (170.360)	Loss -1.6548 (-1.5562)
Epoch: [0][131/236]	Time 1.184 (171.544)	Loss -1.4803 (-1.5557)
Epoch: [0][132/236]	Time 1.142 (172.685)	Loss -1.4873 (-1.5551)
Epoch: [0][133/236]	Time 1.147 (173.833)	Loss -1.3636 (-1.5537)
Epoch: [0][134/236]	Time 1.138 (174.971)	Loss -1.7512 (-1.5552)
Epoch: [0][135/236]	Time 1.138 (176.108)	Loss -1.6378 (-1.5558)
Epoch: [0][136/236]	Time 1.198 (177.306)	Loss -1.1576 (-1.5529)
Epoch: [0][137/236]	Time 1.244 (178.551)	Loss -1.2108 (-1.5504)
Epoch: [0][138/236]	Time 1.169 (179.720)	Loss -1.5153 (-1.5501)
Epoch: [0][139/236]	Time 1.245 (180.965)	Loss -1.4489 (-1.5494)
Epoch: [0][140/236]	Time 1.138 (182.103)	Loss -1.6538 (-1.5502)
Epoch: [0][141/236]	Time 1.202 (183.305)	Loss -1.7090 (-1.5513)
Epoch: [0][142/236]	Time 1.164 (184.469)	Loss -1.5027 (-1.5509)
Epoch: [0][143/236]	Time 1.144 (185.613)	Loss -1.5670 (-1.5511)
Epoch: [0][144/236]	Time 1.214 (186.828)	Loss -1.6901 (-1.5520)
Epoch: [0][145/236]	Time 1.163 (187.990)	Loss -1.5666 (-1.5521)
Epoch: [0][146/236]	Time 1.126 (189.116)	Loss -1.6784 (-1.5530)
Epoch: [0][147/236]	Time 1.133 (190.249)	Loss -1.2828 (-1.5511)
Epoch: [0][148/236]	Time 1.143 (191.392)	Loss -1.6633 (-1.5519)
Epoch: [0][149/236]	Time 1.136 (192.528)	Loss -1.3392 (-1.5505)
Epoch: [0][150/236]	Time 1.132 (193.660)	Loss -1.5549 (-1.5505)
Epoch: [0][151/236]	Time 1.137 (194.798)	Loss -1.4039 (-1.5495)
Epoch: [0][152/236]	Time 1.201 (195.999)	Loss -1.8842 (-1.5517)
Epoch: [0][153/236]	Time 1.152 (197.151)	Loss -1.5215 (-1.5515)
Epoch: [0][154/236]	Time 1.138 (198.290)	Loss -1.7464 (-1.5528)
Epoch: [0][155/236]	Time 1.200 (199.490)	Loss -1.7515 (-1.5541)
Epoch: [0][156/236]	Time 1.204 (200.693)	Loss -1.7336 (-1.5552)
Epoch: [0][157/236]	Time 1.293 (201.986)	Loss -1.7701 (-1.5566)
Epoch: [0][158/236]	Time 1.227 (203.213)	Loss -1.4558 (-1.5559)
Epoch: [0][159/236]	Time 1.210 (204.423)	Loss -1.2538 (-1.5540)
Epoch: [0][160/236]	Time 1.132 (205.555)	Loss -1.0316 (-1.5508)
Epoch: [0][161/236]	Time 1.196 (206.751)	Loss -1.5942 (-1.5511)
Epoch: [0][162/236]	Time 1.136 (207.887)	Loss -1.7855 (-1.5525)
Epoch: [0][163/236]	Time 1.187 (209.073)	Loss -1.7772 (-1.5539)
Epoch: [0][164/236]	Time 1.133 (210.206)	Loss -1.1597 (-1.5515)
Epoch: [0][165/236]	Time 1.149 (211.355)	Loss -1.7836 (-1.5529)
Epoch: [0][166/236]	Time 1.133 (212.489)	Loss -1.7287 (-1.5539)
Epoch: [0][167/236]	Time 1.231 (213.720)	Loss -1.6139 (-1.5543)
Epoch: [0][168/236]	Time 1.138 (214.857)	Loss -1.6785 (-1.5550)
Epoch: [0][169/236]	Time 1.152 (216.009)	Loss -1.6031 (-1.5553)
Epoch: [0][170/236]	Time 1.182 (217.191)	Loss -1.7585 (-1.5565)
Epoch: [0][171/236]	Time 1.259 (218.450)	Loss -1.4943 (-1.5561)
Epoch: [0][172/236]	Time 1.144 (219.595)	Loss -1.6015 (-1.5564)
Epoch: [0][173/236]	Time 1.135 (220.730)	Loss -1.2993 (-1.5549)
Epoch: [0][174/236]	Time 1.131 (221.860)	Loss -1.5729 (-1.5550)
Epoch: [0][175/236]	Time 1.137 (222.997)	Loss -1.2582 (-1.5533)
Epoch: [0][176/236]	Time 1.219 (224.216)	Loss -1.5238 (-1.5532)
Epoch: [0][177/236]	Time 1.134 (225.350)	Loss -1.6373 (-1.5536)
Epoch: [0][178/236]	Time 1.137 (226.487)	Loss -1.2913 (-1.5522)
Epoch: [0][179/236]	Time 1.147 (227.634)	Loss -1.5051 (-1.5519)
Epoch: [0][180/236]	Time 1.164 (228.798)	Loss -1.5338 (-1.5518)
Epoch: [0][181/236]	Time 1.219 (230.017)	Loss -1.1883 (-1.5498)
Epoch: [0][182/236]	Time 1.137 (231.154)	Loss -1.6848 (-1.5506)
Epoch: [0][183/236]	Time 1.128 (232.282)	Loss -1.5628 (-1.5506)
Epoch: [0][184/236]	Time 1.135 (233.417)	Loss -1.8148 (-1.5521)
Epoch: [0][185/236]	Time 1.237 (234.654)	Loss -1.8645 (-1.5537)
Epoch: [0][186/236]	Time 1.281 (235.935)	Loss -1.4072 (-1.5530)
Epoch: [0][187/236]	Time 1.326 (237.261)	Loss -1.6738 (-1.5536)
Epoch: [0][188/236]	Time 1.286 (238.547)	Loss -1.3909 (-1.5527)
Epoch: [0][189/236]	Time 1.277 (239.824)	Loss -1.6142 (-1.5531)
Epoch: [0][190/236]	Time 1.212 (241.036)	Loss -1.5129 (-1.5528)
Epoch: [0][191/236]	Time 1.275 (242.311)	Loss -1.3808 (-1.5520)
Epoch: [0][192/236]	Time 1.297 (243.608)	Loss -1.8278 (-1.5534)
Epoch: [0][193/236]	Time 1.131 (244.739)	Loss -1.9519 (-1.5554)
Epoch: [0][194/236]	Time 1.207 (245.945)	Loss -1.7427 (-1.5564)
Epoch: [0][195/236]	Time 1.201 (247.146)	Loss -1.6116 (-1.5567)
Epoch: [0][196/236]	Time 1.283 (248.429)	Loss -1.5614 (-1.5567)
Epoch: [0][197/236]	Time 1.230 (249.659)	Loss -1.7793 (-1.5578)
Epoch: [0][198/236]	Time 1.199 (250.858)	Loss -1.4777 (-1.5574)
Epoch: [0][199/236]	Time 1.129 (251.986)	Loss -1.5804 (-1.5575)
Epoch: [0][200/236]	Time 1.247 (253.234)	Loss -1.5083 (-1.5573)
Epoch: [0][201/236]	Time 1.263 (254.497)	Loss -1.5694 (-1.5574)
Epoch: [0][202/236]	Time 1.270 (255.767)	Loss -1.6961 (-1.5580)
Epoch: [0][203/236]	Time 1.138 (256.905)	Loss -1.4695 (-1.5576)
Epoch: [0][204/236]	Time 1.130 (258.035)	Loss -1.1487 (-1.5556)
Epoch: [0][205/236]	Time 1.201 (259.236)	Loss -1.7769 (-1.5567)
Epoch: [0][206/236]	Time 1.220 (260.456)	Loss -1.3609 (-1.5557)
Epoch: [0][207/236]	Time 1.143 (261.600)	Loss -1.6417 (-1.5562)
Epoch: [0][208/236]	Time 1.236 (262.835)	Loss -1.8471 (-1.5575)
Epoch: [0][209/236]	Time 1.150 (263.986)	Loss -1.4713 (-1.5571)
Epoch: [0][210/236]	Time 1.137 (265.123)	Loss -1.4195 (-1.5565)
Epoch: [0][211/236]	Time 1.133 (266.256)	Loss -1.4939 (-1.5562)
Epoch: [0][212/236]	Time 1.243 (267.498)	Loss -1.4199 (-1.5555)
Epoch: [0][213/236]	Time 1.212 (268.710)	Loss -1.4579 (-1.5551)
Epoch: [0][214/236]	Time 1.146 (269.856)	Loss -1.7428 (-1.5560)
Epoch: [0][215/236]	Time 1.132 (270.988)	Loss -1.6929 (-1.5566)
Epoch: [0][216/236]	Time 1.133 (272.121)	Loss -1.7456 (-1.5575)
Epoch: [0][217/236]	Time 1.139 (273.259)	Loss -1.6668 (-1.5580)
Epoch: [0][218/236]	Time 1.144 (274.403)	Loss -1.7679 (-1.5589)
Epoch: [0][219/236]	Time 1.137 (275.541)	Loss -1.4527 (-1.5584)
Epoch: [0][220/236]	Time 1.210 (276.750)	Loss -1.6274 (-1.5588)
Epoch: [0][221/236]	Time 1.181 (277.931)	Loss -1.5742 (-1.5588)
Epoch: [0][222/236]	Time 1.142 (279.074)	Loss -1.6856 (-1.5594)
Epoch: [0][223/236]	Time 1.208 (280.281)	Loss -1.5255 (-1.5592)
Epoch: [0][224/236]	Time 1.186 (281.467)	Loss -1.7722 (-1.5602)
Epoch: [0][225/236]	Time 1.140 (282.607)	Loss -1.0673 (-1.5580)
Epoch: [0][226/236]	Time 1.127 (283.734)	Loss -1.5676 (-1.5581)
Epoch: [0][227/236]	Time 1.135 (284.869)	Loss -1.5866 (-1.5582)
Epoch: [0][228/236]	Time 1.200 (286.069)	Loss -1.5764 (-1.5583)
Epoch: [0][229/236]	Time 1.209 (287.278)	Loss -1.7826 (-1.5592)
Epoch: [0][230/236]	Time 1.182 (288.460)	Loss -1.4888 (-1.5589)
Epoch: [0][231/236]	Time 1.199 (289.659)	Loss -1.4627 (-1.5585)
Epoch: [0][232/236]	Time 1.130 (290.789)	Loss -1.4647 (-1.5581)
Epoch: [0][233/236]	Time 1.132 (291.921)	Loss -1.5644 (-1.5581)
Epoch: [0][234/236]	Time 1.140 (293.061)	Loss -1.6287 (-1.5584)
Epoch: [0][235/236]	Time 16.543 (309.604)	Loss -1.0320 (-1.5573)
Average loss over the test set at epoch 0 is: -1.6187408860725692
Snapshot saved to: trained_models_3_1000/model_0.pth.tar
Epoch: [1][0/236]	Time 1.125 (1.125)	Loss -1.8300 (-1.8300)
Epoch: [1][1/236]	Time 1.131 (2.256)	Loss -1.9198 (-1.8749)
Epoch: [1][2/236]	Time 1.140 (3.396)	Loss -1.8708 (-1.8736)
Epoch: [1][3/236]	Time 1.142 (4.538)	Loss -1.7846 (-1.8513)
Epoch: [1][4/236]	Time 1.142 (5.679)	Loss -1.8018 (-1.8414)
Epoch: [1][5/236]	Time 1.131 (6.810)	Loss -1.8425 (-1.8416)
Epoch: [1][6/236]	Time 1.142 (7.953)	Loss -1.9273 (-1.8538)
Epoch: [1][7/236]	Time 1.135 (9.088)	Loss -1.7901 (-1.8459)
Epoch: [1][8/236]	Time 1.146 (10.233)	Loss -1.8498 (-1.8463)
Epoch: [1][9/236]	Time 1.130 (11.363)	Loss -1.8269 (-1.8444)
Epoch: [1][10/236]	Time 1.157 (12.521)	Loss -1.8606 (-1.8458)
Epoch: [1][11/236]	Time 1.136 (13.657)	Loss -1.8041 (-1.8424)
Epoch: [1][12/236]	Time 1.143 (14.800)	Loss -1.9320 (-1.8493)
Epoch: [1][13/236]	Time 1.150 (15.950)	Loss -1.8951 (-1.8525)
Epoch: [1][14/236]	Time 1.130 (17.081)	Loss -1.8226 (-1.8505)
Epoch: [1][15/236]	Time 1.133 (18.214)	Loss -1.8977 (-1.8535)
Epoch: [1][16/236]	Time 1.143 (19.357)	Loss -1.8667 (-1.8543)
Epoch: [1][17/236]	Time 1.141 (20.498)	Loss -1.8025 (-1.8514)
Epoch: [1][18/236]	Time 1.139 (21.637)	Loss -1.8235 (-1.8499)
Epoch: [1][19/236]	Time 1.134 (22.770)	Loss -1.8436 (-1.8496)
Epoch: [1][20/236]	Time 1.136 (23.907)	Loss -1.8544 (-1.8498)
Epoch: [1][21/236]	Time 1.141 (25.048)	Loss -1.9134 (-1.8527)
Epoch: [1][22/236]	Time 1.143 (26.190)	Loss -1.8282 (-1.8517)
Epoch: [1][23/236]	Time 1.134 (27.324)	Loss -1.8414 (-1.8512)
Epoch: [1][24/236]	Time 1.131 (28.456)	Loss -1.8881 (-1.8527)
Epoch: [1][25/236]	Time 1.137 (29.592)	Loss -1.8413 (-1.8523)
Epoch: [1][26/236]	Time 1.146 (30.738)	Loss -1.9554 (-1.8561)
Epoch: [1][27/236]	Time 1.141 (31.879)	Loss -1.8467 (-1.8557)
Epoch: [1][28/236]	Time 1.131 (33.011)	Loss -1.8241 (-1.8547)
Epoch: [1][29/236]	Time 1.139 (34.150)	Loss -1.8530 (-1.8546)
Epoch: [1][30/236]	Time 1.141 (35.291)	Loss -1.8003 (-1.8528)
Epoch: [1][31/236]	Time 1.149 (36.440)	Loss -1.8608 (-1.8531)
Epoch: [1][32/236]	Time 1.133 (37.572)	Loss -1.9194 (-1.8551)
Epoch: [1][33/236]	Time 1.135 (38.707)	Loss -1.9508 (-1.8579)
Epoch: [1][34/236]	Time 1.144 (39.851)	Loss -1.8608 (-1.8580)
Epoch: [1][35/236]	Time 1.136 (40.987)	Loss -1.8410 (-1.8575)
Epoch: [1][36/236]	Time 1.131 (42.118)	Loss -1.9223 (-1.8593)
Epoch: [1][37/236]	Time 1.135 (43.253)	Loss -1.8644 (-1.8594)
Epoch: [1][38/236]	Time 1.149 (44.401)	Loss -1.8401 (-1.8589)
Epoch: [1][39/236]	Time 1.141 (45.542)	Loss -1.5506 (-1.8512)
Epoch: [1][40/236]	Time 1.132 (46.674)	Loss -1.7977 (-1.8499)
Epoch: [1][41/236]	Time 1.135 (47.809)	Loss -1.3957 (-1.8391)
Epoch: [1][42/236]	Time 1.139 (48.948)	Loss -1.6230 (-1.8341)
Epoch: [1][43/236]	Time 1.146 (50.094)	Loss -1.4278 (-1.8248)
Epoch: [1][44/236]	Time 1.131 (51.225)	Loss -1.4974 (-1.8176)
Epoch: [1][45/236]	Time 1.158 (52.383)	Loss -1.3608 (-1.8076)
Epoch: [1][46/236]	Time 1.138 (53.521)	Loss -1.7914 (-1.8073)
Epoch: [1][47/236]	Time 1.147 (54.668)	Loss -1.7047 (-1.8051)
Epoch: [1][48/236]	Time 1.151 (55.819)	Loss -1.1996 (-1.7928)
Epoch: [1][49/236]	Time 1.136 (56.955)	Loss -1.8097 (-1.7931)
Epoch: [1][50/236]	Time 1.136 (58.091)	Loss -1.6503 (-1.7903)
Epoch: [1][51/236]	Time 1.139 (59.230)	Loss -1.6353 (-1.7873)
Epoch: [1][52/236]	Time 1.149 (60.379)	Loss -1.2495 (-1.7772)
Epoch: [1][53/236]	Time 1.149 (61.529)	Loss -1.4772 (-1.7716)
Epoch: [1][54/236]	Time 1.131 (62.659)	Loss -1.6442 (-1.7693)
Epoch: [1][55/236]	Time 1.138 (63.797)	Loss -1.8629 (-1.7710)
Epoch: [1][56/236]	Time 1.147 (64.944)	Loss -1.4709 (-1.7657)
Epoch: [1][57/236]	Time 1.139 (66.083)	Loss -1.2407 (-1.7567)
Epoch: [1][58/236]	Time 1.139 (67.222)	Loss -1.8702 (-1.7586)
Epoch: [1][59/236]	Time 1.133 (68.355)	Loss -1.7228 (-1.7580)
Epoch: [1][60/236]	Time 1.139 (69.493)	Loss -1.4118 (-1.7523)
Epoch: [1][61/236]	Time 1.140 (70.633)	Loss -1.6835 (-1.7512)
Epoch: [1][62/236]	Time 1.141 (71.774)	Loss -1.6214 (-1.7492)
Epoch: [1][63/236]	Time 1.135 (72.909)	Loss -1.1172 (-1.7393)
Epoch: [1][64/236]	Time 1.133 (74.041)	Loss -1.9219 (-1.7421)
Epoch: [1][65/236]	Time 1.140 (75.181)	Loss -1.5041 (-1.7385)
Epoch: [1][66/236]	Time 1.150 (76.331)	Loss -1.3953 (-1.7334)
Epoch: [1][67/236]	Time 1.146 (77.477)	Loss -1.2620 (-1.7264)
Epoch: [1][68/236]	Time 1.129 (78.607)	Loss -1.5415 (-1.7238)
Epoch: [1][69/236]	Time 1.139 (79.745)	Loss -1.5170 (-1.7208)
Epoch: [1][70/236]	Time 1.137 (80.882)	Loss -1.7463 (-1.7212)
Epoch: [1][71/236]	Time 1.143 (82.024)	Loss -1.7936 (-1.7222)
Epoch: [1][72/236]	Time 1.127 (83.151)	Loss -1.6908 (-1.7217)
Epoch: [1][73/236]	Time 1.128 (84.279)	Loss -1.8118 (-1.7229)
Epoch: [1][74/236]	Time 1.138 (85.417)	Loss -1.4808 (-1.7197)
Epoch: [1][75/236]	Time 1.140 (86.557)	Loss -1.8449 (-1.7214)
Epoch: [1][76/236]	Time 1.141 (87.698)	Loss -1.7852 (-1.7222)
Epoch: [1][77/236]	Time 1.131 (88.829)	Loss -1.6986 (-1.7219)
Epoch: [1][78/236]	Time 1.137 (89.966)	Loss -1.4483 (-1.7184)
Epoch: [1][79/236]	Time 1.138 (91.104)	Loss -1.3544 (-1.7139)
Epoch: [1][80/236]	Time 1.146 (92.250)	Loss -1.4481 (-1.7106)
Epoch: [1][81/236]	Time 1.134 (93.384)	Loss -1.4362 (-1.7073)
Epoch: [1][82/236]	Time 1.138 (94.522)	Loss -1.7409 (-1.7077)
Epoch: [1][83/236]	Time 1.139 (95.660)	Loss -1.6600 (-1.7071)
Epoch: [1][84/236]	Time 1.147 (96.807)	Loss -1.5017 (-1.7047)
Epoch: [1][85/236]	Time 1.141 (97.948)	Loss -1.3653 (-1.7007)
Epoch: [1][86/236]	Time 1.139 (99.086)	Loss -1.3473 (-1.6967)
Epoch: [1][87/236]	Time 1.140 (100.226)	Loss -1.6366 (-1.6960)
Epoch: [1][88/236]	Time 1.141 (101.367)	Loss -1.2668 (-1.6912)
Epoch: [1][89/236]	Time 1.151 (102.518)	Loss -1.5107 (-1.6892)
Epoch: [1][90/236]	Time 1.131 (103.648)	Loss -1.9136 (-1.6916)
Epoch: [1][91/236]	Time 1.139 (104.787)	Loss -1.8494 (-1.6933)
Epoch: [1][92/236]	Time 1.142 (105.929)	Loss -1.6304 (-1.6927)
Epoch: [1][93/236]	Time 1.141 (107.070)	Loss -1.4659 (-1.6902)
Epoch: [1][94/236]	Time 1.134 (108.205)	Loss -1.6368 (-1.6897)
Epoch: [1][95/236]	Time 1.136 (109.341)	Loss -1.3346 (-1.6860)
Epoch: [1][96/236]	Time 1.140 (110.481)	Loss -1.5693 (-1.6848)
Epoch: [1][97/236]	Time 1.135 (111.616)	Loss -1.8902 (-1.6869)
Epoch: [1][98/236]	Time 1.136 (112.752)	Loss -1.6001 (-1.6860)
Epoch: [1][99/236]	Time 1.143 (113.896)	Loss -1.6176 (-1.6853)
Epoch: [1][100/236]	Time 1.139 (115.034)	Loss -1.8080 (-1.6865)
Epoch: [1][101/236]	Time 1.146 (116.181)	Loss -1.7940 (-1.6876)
Epoch: [1][102/236]	Time 1.135 (117.316)	Loss -1.7246 (-1.6879)
Epoch: [1][103/236]	Time 1.135 (118.451)	Loss -1.6376 (-1.6875)
Epoch: [1][104/236]	Time 1.151 (119.602)	Loss -1.4124 (-1.6848)
Epoch: [1][105/236]	Time 1.137 (120.739)	Loss -1.7625 (-1.6856)
Epoch: [1][106/236]	Time 1.142 (121.882)	Loss -1.7310 (-1.6860)
Epoch: [1][107/236]	Time 1.130 (123.012)	Loss -1.8160 (-1.6872)
Epoch: [1][108/236]	Time 1.137 (124.149)	Loss -1.8703 (-1.6889)
Epoch: [1][109/236]	Time 1.144 (125.293)	Loss -1.4630 (-1.6868)
Epoch: [1][110/236]	Time 1.136 (126.429)	Loss -1.6521 (-1.6865)
Epoch: [1][111/236]	Time 1.170 (127.599)	Loss -1.5139 (-1.6850)
Epoch: [1][112/236]	Time 1.134 (128.733)	Loss -1.7143 (-1.6852)
Epoch: [1][113/236]	Time 1.138 (129.871)	Loss -1.4364 (-1.6831)
Epoch: [1][114/236]	Time 1.136 (131.007)	Loss -1.6947 (-1.6832)
Epoch: [1][115/236]	Time 1.148 (132.155)	Loss -1.1481 (-1.6785)
Epoch: [1][116/236]	Time 1.136 (133.290)	Loss -1.3498 (-1.6757)
Epoch: [1][117/236]	Time 1.138 (134.428)	Loss -1.7845 (-1.6767)
Epoch: [1][118/236]	Time 1.135 (135.564)	Loss -1.4843 (-1.6750)
Epoch: [1][119/236]	Time 1.144 (136.708)	Loss -1.9051 (-1.6770)
Epoch: [1][120/236]	Time 1.136 (137.844)	Loss -1.7595 (-1.6776)
Epoch: [1][121/236]	Time 1.131 (138.975)	Loss -1.3220 (-1.6747)
Epoch: [1][122/236]	Time 1.137 (140.113)	Loss -1.6559 (-1.6746)
Epoch: [1][123/236]	Time 1.151 (141.264)	Loss -1.5005 (-1.6732)
Epoch: [1][124/236]	Time 1.144 (142.408)	Loss -1.3917 (-1.6709)
Epoch: [1][125/236]	Time 1.125 (143.533)	Loss -1.8501 (-1.6723)
Epoch: [1][126/236]	Time 1.138 (144.671)	Loss -1.7496 (-1.6729)
Epoch: [1][127/236]	Time 1.152 (145.822)	Loss -1.7169 (-1.6733)
Epoch: [1][128/236]	Time 1.140 (146.962)	Loss -1.7421 (-1.6738)
Epoch: [1][129/236]	Time 1.137 (148.100)	Loss -1.8482 (-1.6752)
Epoch: [1][130/236]	Time 1.131 (149.231)	Loss -1.6811 (-1.6752)
Epoch: [1][131/236]	Time 1.138 (150.369)	Loss -1.5038 (-1.6739)
Epoch: [1][132/236]	Time 1.147 (151.516)	Loss -1.5125 (-1.6727)
Epoch: [1][133/236]	Time 1.144 (152.660)	Loss -1.3839 (-1.6705)
Epoch: [1][134/236]	Time 1.132 (153.792)	Loss -1.7757 (-1.6713)
Epoch: [1][135/236]	Time 1.138 (154.930)	Loss -1.5978 (-1.6708)
Epoch: [1][136/236]	Time 1.146 (156.076)	Loss -1.1599 (-1.6670)
Epoch: [1][137/236]	Time 1.141 (157.217)	Loss -1.2261 (-1.6639)
Epoch: [1][138/236]	Time 1.134 (158.350)	Loss -1.5328 (-1.6629)
Epoch: [1][139/236]	Time 1.134 (159.484)	Loss -1.4775 (-1.6616)
Epoch: [1][140/236]	Time 1.137 (160.621)	Loss -1.6710 (-1.6617)
Epoch: [1][141/236]	Time 1.141 (161.762)	Loss -1.7287 (-1.6621)
Epoch: [1][142/236]	Time 1.137 (162.899)	Loss -1.5191 (-1.6611)
Epoch: [1][143/236]	Time 1.131 (164.030)	Loss -1.5850 (-1.6606)
Epoch: [1][144/236]	Time 1.138 (165.168)	Loss -1.7230 (-1.6610)
Epoch: [1][145/236]	Time 1.142 (166.310)	Loss -1.5805 (-1.6605)
Epoch: [1][146/236]	Time 1.136 (167.446)	Loss -1.7017 (-1.6608)
Epoch: [1][147/236]	Time 1.138 (168.584)	Loss -1.2911 (-1.6583)
Epoch: [1][148/236]	Time 1.135 (169.719)	Loss -1.6769 (-1.6584)
Epoch: [1][149/236]	Time 1.147 (170.866)	Loss -1.3524 (-1.6563)
Epoch: [1][150/236]	Time 1.136 (172.002)	Loss -1.5781 (-1.6558)
Epoch: [1][151/236]	Time 1.136 (173.138)	Loss -1.4294 (-1.6543)
Epoch: [1][152/236]	Time 1.138 (174.276)	Loss -1.8978 (-1.6559)
Epoch: [1][153/236]	Time 1.154 (175.430)	Loss -1.5394 (-1.6552)
Epoch: [1][154/236]	Time 1.137 (176.567)	Loss -1.7276 (-1.6556)
Epoch: [1][155/236]	Time 1.134 (177.701)	Loss -1.7620 (-1.6563)
Epoch: [1][156/236]	Time 1.143 (178.844)	Loss -1.7285 (-1.6568)
Epoch: [1][157/236]	Time 1.150 (179.995)	Loss -1.7790 (-1.6576)
Epoch: [1][158/236]	Time 1.149 (181.143)	Loss -1.4581 (-1.6563)
Epoch: [1][159/236]	Time 1.130 (182.273)	Loss -1.2618 (-1.6538)
Epoch: [1][160/236]	Time 1.134 (183.407)	Loss -1.0386 (-1.6500)
Epoch: [1][161/236]	Time 1.139 (184.546)	Loss -1.6109 (-1.6498)
Epoch: [1][162/236]	Time 1.143 (185.689)	Loss -1.7860 (-1.6506)
Epoch: [1][163/236]	Time 1.144 (186.834)	Loss -1.7704 (-1.6513)
Epoch: [1][164/236]	Time 1.129 (187.963)	Loss -1.1667 (-1.6484)
Epoch: [1][165/236]	Time 1.136 (189.099)	Loss -1.7842 (-1.6492)
Epoch: [1][166/236]	Time 1.143 (190.241)	Loss -1.7555 (-1.6499)
Epoch: [1][167/236]	Time 1.146 (191.387)	Loss -1.6297 (-1.6497)
Epoch: [1][168/236]	Time 1.129 (192.516)	Loss -1.6923 (-1.6500)
Epoch: [1][169/236]	Time 1.138 (193.654)	Loss -1.6153 (-1.6498)
Epoch: [1][170/236]	Time 1.136 (194.789)	Loss -1.7981 (-1.6506)
Epoch: [1][171/236]	Time 1.141 (195.930)	Loss -1.4960 (-1.6497)
Epoch: [1][172/236]	Time 1.133 (197.063)	Loss -1.6151 (-1.6495)
Epoch: [1][173/236]	Time 1.133 (198.197)	Loss -1.3072 (-1.6476)
Epoch: [1][174/236]	Time 1.132 (199.328)	Loss -1.5739 (-1.6472)
Epoch: [1][175/236]	Time 1.146 (200.474)	Loss -1.2659 (-1.6450)
Epoch: [1][176/236]	Time 1.150 (201.625)	Loss -1.5261 (-1.6443)
Epoch: [1][177/236]	Time 1.135 (202.760)	Loss -1.6462 (-1.6443)
Epoch: [1][178/236]	Time 1.135 (203.895)	Loss -1.3042 (-1.6424)
Epoch: [1][179/236]	Time 1.136 (205.031)	Loss -1.5126 (-1.6417)
Epoch: [1][180/236]	Time 1.146 (206.176)	Loss -1.5443 (-1.6412)
Epoch: [1][181/236]	Time 1.134 (207.310)	Loss -1.2089 (-1.6388)
Epoch: [1][182/236]	Time 1.140 (208.450)	Loss -1.6961 (-1.6391)
Epoch: [1][183/236]	Time 1.142 (209.592)	Loss -1.5818 (-1.6388)
Epoch: [1][184/236]	Time 1.140 (210.731)	Loss -1.8009 (-1.6397)
Epoch: [1][185/236]	Time 1.145 (211.876)	Loss -1.8668 (-1.6409)
Epoch: [1][186/236]	Time 1.135 (213.011)	Loss -1.4170 (-1.6397)
Epoch: [1][187/236]	Time 1.138 (214.149)	Loss -1.6844 (-1.6399)
Epoch: [1][188/236]	Time 1.147 (215.296)	Loss -1.4004 (-1.6387)
Epoch: [1][189/236]	Time 1.146 (216.442)	Loss -1.5988 (-1.6385)
Epoch: [1][190/236]	Time 1.150 (217.592)	Loss -1.5213 (-1.6378)
Epoch: [1][191/236]	Time 1.133 (218.724)	Loss -1.3732 (-1.6365)
Epoch: [1][192/236]	Time 1.136 (219.860)	Loss -1.8216 (-1.6374)
Epoch: [1][193/236]	Time 1.139 (220.999)	Loss -1.9619 (-1.6391)
Epoch: [1][194/236]	Time 1.144 (222.144)	Loss -1.7395 (-1.6396)
Epoch: [1][195/236]	Time 1.136 (223.280)	Loss -1.6093 (-1.6395)
Epoch: [1][196/236]	Time 1.141 (224.421)	Loss -1.5728 (-1.6391)
Epoch: [1][197/236]	Time 1.139 (225.560)	Loss -1.7825 (-1.6398)
Epoch: [1][198/236]	Time 1.144 (226.704)	Loss -1.4892 (-1.6391)
Epoch: [1][199/236]	Time 1.151 (227.855)	Loss -1.5842 (-1.6388)
Epoch: [1][200/236]	Time 1.136 (228.991)	Loss -1.5102 (-1.6382)
Epoch: [1][201/236]	Time 1.133 (230.124)	Loss -1.5663 (-1.6378)
Epoch: [1][202/236]	Time 1.140 (231.264)	Loss -1.6989 (-1.6381)
Epoch: [1][203/236]	Time 1.138 (232.402)	Loss -1.4685 (-1.6373)
Epoch: [1][204/236]	Time 1.135 (233.537)	Loss -1.1572 (-1.6349)
Epoch: [1][205/236]	Time 1.137 (234.674)	Loss -1.7845 (-1.6357)
Epoch: [1][206/236]	Time 1.137 (235.810)	Loss -1.3618 (-1.6343)
Epoch: [1][207/236]	Time 1.145 (236.955)	Loss -1.6708 (-1.6345)
Epoch: [1][208/236]	Time 1.137 (238.092)	Loss -1.8538 (-1.6356)
Epoch: [1][209/236]	Time 1.129 (239.221)	Loss -1.4772 (-1.6348)
Epoch: [1][210/236]	Time 1.140 (240.361)	Loss -1.4209 (-1.6338)
Epoch: [1][211/236]	Time 1.143 (241.504)	Loss -1.5011 (-1.6332)
Epoch: [1][212/236]	Time 1.135 (242.639)	Loss -1.4278 (-1.6322)
Epoch: [1][213/236]	Time 1.137 (243.776)	Loss -1.4708 (-1.6315)
Epoch: [1][214/236]	Time 1.138 (244.914)	Loss -1.7555 (-1.6320)
Epoch: [1][215/236]	Time 1.149 (246.063)	Loss -1.7060 (-1.6324)
Epoch: [1][216/236]	Time 1.138 (247.200)	Loss -1.7441 (-1.6329)
Epoch: [1][217/236]	Time 1.135 (248.336)	Loss -1.6726 (-1.6331)
Epoch: [1][218/236]	Time 1.139 (249.475)	Loss -1.7762 (-1.6337)
Epoch: [1][219/236]	Time 1.148 (250.623)	Loss -1.4648 (-1.6330)
Epoch: [1][220/236]	Time 1.139 (251.762)	Loss -1.6372 (-1.6330)
Epoch: [1][221/236]	Time 1.135 (252.897)	Loss -1.5859 (-1.6328)
Epoch: [1][222/236]	Time 1.157 (254.054)	Loss -1.7100 (-1.6331)
Epoch: [1][223/236]	Time 1.135 (255.188)	Loss -1.5434 (-1.6327)
Epoch: [1][224/236]	Time 1.144 (256.332)	Loss -1.7930 (-1.6334)
Epoch: [1][225/236]	Time 1.147 (257.479)	Loss -1.0624 (-1.6309)
Epoch: [1][226/236]	Time 1.132 (258.611)	Loss -1.5830 (-1.6307)
Epoch: [1][227/236]	Time 1.141 (259.752)	Loss -1.6018 (-1.6306)
Epoch: [1][228/236]	Time 1.138 (260.890)	Loss -1.5963 (-1.6304)
Epoch: [1][229/236]	Time 1.141 (262.031)	Loss -1.8342 (-1.6313)
Epoch: [1][230/236]	Time 1.126 (263.157)	Loss -1.4997 (-1.6307)
Epoch: [1][231/236]	Time 1.133 (264.291)	Loss -1.4773 (-1.6301)
Epoch: [1][232/236]	Time 1.143 (265.433)	Loss -1.4792 (-1.6294)
Epoch: [1][233/236]	Time 1.140 (266.574)	Loss -1.5886 (-1.6292)
Epoch: [1][234/236]	Time 1.132 (267.706)	Loss -1.6483 (-1.6293)
Epoch: [1][235/236]	Time 0.573 (268.279)	Loss -1.0466 (-1.6281)
Average loss over the test set at epoch 1 is: -1.627344007733502
Epoch: [2][0/236]	Time 1.147 (1.147)	Loss -1.8182 (-1.8182)
Epoch: [2][1/236]	Time 1.154 (2.301)	Loss -1.8846 (-1.8514)
Epoch: [2][2/236]	Time 1.138 (3.440)	Loss -1.8677 (-1.8568)
Epoch: [2][3/236]	Time 1.140 (4.580)	Loss -1.7923 (-1.8407)
Epoch: [2][4/236]	Time 1.138 (5.718)	Loss -1.8013 (-1.8328)
Epoch: [2][5/236]	Time 1.149 (6.867)	Loss -1.8370 (-1.8335)
Epoch: [2][6/236]	Time 1.142 (8.009)	Loss -1.9108 (-1.8446)
Epoch: [2][7/236]	Time 1.133 (9.142)	Loss -1.7889 (-1.8376)
Epoch: [2][8/236]	Time 1.139 (10.281)	Loss -1.8303 (-1.8368)
Epoch: [2][9/236]	Time 1.150 (11.431)	Loss -1.8199 (-1.8351)
Epoch: [2][10/236]	Time 1.150 (12.581)	Loss -1.8598 (-1.8374)
Epoch: [2][11/236]	Time 1.153 (13.734)	Loss -1.7664 (-1.8315)
Epoch: [2][12/236]	Time 1.132 (14.866)	Loss -1.9227 (-1.8385)
Epoch: [2][13/236]	Time 1.141 (16.007)	Loss -1.8909 (-1.8422)
Epoch: [2][14/236]	Time 1.145 (17.152)	Loss -1.8097 (-1.8400)
Epoch: [2][15/236]	Time 1.146 (18.299)	Loss -1.8822 (-1.8427)
Epoch: [2][16/236]	Time 1.132 (19.431)	Loss -1.8523 (-1.8432)
Epoch: [2][17/236]	Time 1.141 (20.572)	Loss -1.7556 (-1.8384)
Epoch: [2][18/236]	Time 1.143 (21.715)	Loss -1.8035 (-1.8365)
Epoch: [2][19/236]	Time 1.176 (22.891)	Loss -1.8172 (-1.8356)
Epoch: [2][20/236]	Time 1.152 (24.043)	Loss -1.8149 (-1.8346)
Epoch: [2][21/236]	Time 1.141 (25.184)	Loss -1.8939 (-1.8373)
Epoch: [2][22/236]	Time 1.134 (26.318)	Loss -1.8083 (-1.8360)
Epoch: [2][23/236]	Time 1.145 (27.463)	Loss -1.8175 (-1.8353)
Epoch: [2][24/236]	Time 1.145 (28.609)	Loss -1.8621 (-1.8363)
Epoch: [2][25/236]	Time 1.146 (29.755)	Loss -1.8045 (-1.8351)
Epoch: [2][26/236]	Time 1.140 (30.895)	Loss -1.9162 (-1.8381)
Epoch: [2][27/236]	Time 1.137 (32.032)	Loss -1.8428 (-1.8383)
Epoch: [2][28/236]	Time 1.139 (33.171)	Loss -1.8030 (-1.8371)
Epoch: [2][29/236]	Time 1.138 (34.309)	Loss -1.8396 (-1.8371)
Epoch: [2][30/236]	Time 1.146 (35.455)	Loss -1.8013 (-1.8360)
Epoch: [2][31/236]	Time 1.132 (36.587)	Loss -1.8604 (-1.8368)
Epoch: [2][32/236]	Time 1.132 (37.719)	Loss -1.9041 (-1.8388)
Epoch: [2][33/236]	Time 1.142 (38.861)	Loss -1.9507 (-1.8421)
Epoch: [2][34/236]	Time 1.137 (39.998)	Loss -1.8634 (-1.8427)
Epoch: [2][35/236]	Time 1.133 (41.131)	Loss -1.8376 (-1.8426)
Epoch: [2][36/236]	Time 1.136 (42.267)	Loss -1.9162 (-1.8445)
Epoch: [2][37/236]	Time 1.137 (43.403)	Loss -1.8491 (-1.8447)
Epoch: [2][38/236]	Time 1.146 (44.550)	Loss -1.8321 (-1.8443)
Epoch: [2][39/236]	Time 1.134 (45.684)	Loss -1.5589 (-1.8372)
Epoch: [2][40/236]	Time 1.131 (46.815)	Loss -1.7891 (-1.8360)
Epoch: [2][41/236]	Time 1.135 (47.950)	Loss -1.3958 (-1.8255)
Epoch: [2][42/236]	Time 1.139 (49.089)	Loss -1.6311 (-1.8210)
Epoch: [2][43/236]	Time 1.139 (50.228)	Loss -1.4231 (-1.8120)
Epoch: [2][44/236]	Time 1.130 (51.358)	Loss -1.4818 (-1.8046)
Epoch: [2][45/236]	Time 1.134 (52.492)	Loss -1.3679 (-1.7951)
Epoch: [2][46/236]	Time 1.137 (53.629)	Loss -1.7857 (-1.7949)
Epoch: [2][47/236]	Time 1.147 (54.775)	Loss -1.7115 (-1.7932)
Epoch: [2][48/236]	Time 1.138 (55.914)	Loss -1.2020 (-1.7811)
Epoch: [2][49/236]	Time 1.133 (57.047)	Loss -1.8228 (-1.7820)
Epoch: [2][50/236]	Time 1.139 (58.185)	Loss -1.6636 (-1.7797)
Epoch: [2][51/236]	Time 1.150 (59.335)	Loss -1.6374 (-1.7769)
Epoch: [2][52/236]	Time 1.140 (60.475)	Loss -1.2576 (-1.7671)
Epoch: [2][53/236]	Time 1.138 (61.612)	Loss -1.4801 (-1.7618)
Epoch: [2][54/236]	Time 1.140 (62.752)	Loss -1.6351 (-1.7595)
Epoch: [2][55/236]	Time 1.144 (63.896)	Loss -1.8629 (-1.7613)
Epoch: [2][56/236]	Time 1.149 (65.045)	Loss -1.4705 (-1.7562)
Epoch: [2][57/236]	Time 1.155 (66.200)	Loss -1.2381 (-1.7473)
Epoch: [2][58/236]	Time 1.133 (67.333)	Loss -1.8540 (-1.7491)
Epoch: [2][59/236]	Time 1.179 (68.512)	Loss -1.7309 (-1.7488)
Epoch: [2][60/236]	Time 1.145 (69.657)	Loss -1.4186 (-1.7434)
Epoch: [2][61/236]	Time 1.139 (70.796)	Loss -1.6822 (-1.7424)
Epoch: [2][62/236]	Time 1.140 (71.936)	Loss -1.6118 (-1.7403)
Epoch: [2][63/236]	Time 1.130 (73.066)	Loss -1.1007 (-1.7304)
Epoch: [2][64/236]	Time 1.136 (74.202)	Loss -1.8869 (-1.7328)
Epoch: [2][65/236]	Time 1.139 (75.341)	Loss -1.5030 (-1.7293)
Epoch: [2][66/236]	Time 1.147 (76.488)	Loss -1.3951 (-1.7243)
Epoch: [2][67/236]	Time 1.144 (77.633)	Loss -1.2601 (-1.7175)
Epoch: [2][68/236]	Time 1.134 (78.766)	Loss -1.5350 (-1.7148)
Epoch: [2][69/236]	Time 1.138 (79.905)	Loss -1.5150 (-1.7120)
Epoch: [2][70/236]	Time 1.148 (81.052)	Loss -1.7384 (-1.7123)
Epoch: [2][71/236]	Time 1.153 (82.205)	Loss -1.7887 (-1.7134)
Epoch: [2][72/236]	Time 1.129 (83.334)	Loss -1.6825 (-1.7130)
Epoch: [2][73/236]	Time 1.141 (84.475)	Loss -1.8133 (-1.7143)
Epoch: [2][74/236]	Time 1.141 (85.616)	Loss -1.4849 (-1.7113)
Epoch: [2][75/236]	Time 1.142 (86.758)	Loss -1.8425 (-1.7130)
Epoch: [2][76/236]	Time 1.134 (87.892)	Loss -1.7886 (-1.7140)
Epoch: [2][77/236]	Time 1.167 (89.059)	Loss -1.6909 (-1.7137)
Epoch: [2][78/236]	Time 1.140 (90.199)	Loss -1.4456 (-1.7103)
Epoch: [2][79/236]	Time 1.142 (91.341)	Loss -1.3576 (-1.7059)
Epoch: [2][80/236]	Time 1.155 (92.496)	Loss -1.4523 (-1.7028)
Epoch: [2][81/236]	Time 1.137 (93.633)	Loss -1.4426 (-1.6996)
Epoch: [2][82/236]	Time 1.132 (94.766)	Loss -1.7504 (-1.7002)
Epoch: [2][83/236]	Time 1.140 (95.905)	Loss -1.6646 (-1.6998)
Epoch: [2][84/236]	Time 1.144 (97.050)	Loss -1.5140 (-1.6976)
Epoch: [2][85/236]	Time 1.136 (98.186)	Loss -1.3700 (-1.6938)
Epoch: [2][86/236]	Time 1.134 (99.320)	Loss -1.3576 (-1.6899)
Epoch: [2][87/236]	Time 1.146 (100.466)	Loss -1.6495 (-1.6894)
Epoch: [2][88/236]	Time 1.147 (101.613)	Loss -1.2759 (-1.6848)
Epoch: [2][89/236]	Time 1.146 (102.759)	Loss -1.5167 (-1.6829)
Epoch: [2][90/236]	Time 1.145 (103.904)	Loss -1.9137 (-1.6855)
Epoch: [2][91/236]	Time 1.132 (105.037)	Loss -1.8538 (-1.6873)
Epoch: [2][92/236]	Time 1.139 (106.175)	Loss -1.6458 (-1.6869)
Epoch: [2][93/236]	Time 1.135 (107.310)	Loss -1.4723 (-1.6846)
Epoch: [2][94/236]	Time 1.147 (108.458)	Loss -1.6411 (-1.6841)
Epoch: [2][95/236]	Time 1.130 (109.587)	Loss -1.3440 (-1.6806)
Epoch: [2][96/236]	Time 1.140 (110.727)	Loss -1.5785 (-1.6795)
Epoch: [2][97/236]	Time 1.136 (111.863)	Loss -1.8927 (-1.6817)
Epoch: [2][98/236]	Time 1.144 (113.007)	Loss -1.6080 (-1.6809)
Epoch: [2][99/236]	Time 1.137 (114.144)	Loss -1.6302 (-1.6804)
Epoch: [2][100/236]	Time 1.134 (115.278)	Loss -1.8170 (-1.6818)
Epoch: [2][101/236]	Time 1.142 (116.421)	Loss -1.8005 (-1.6830)
Epoch: [2][102/236]	Time 1.145 (117.566)	Loss -1.7341 (-1.6835)
Epoch: [2][103/236]	Time 1.199 (118.766)	Loss -1.6514 (-1.6831)
Epoch: [2][104/236]	Time 1.142 (119.907)	Loss -1.4267 (-1.6807)
Epoch: [2][105/236]	Time 1.146 (121.054)	Loss -1.7706 (-1.6816)
Epoch: [2][106/236]	Time 1.129 (122.183)	Loss -1.7408 (-1.6821)
Epoch: [2][107/236]	Time 1.145 (123.328)	Loss -1.8286 (-1.6835)
Epoch: [2][108/236]	Time 1.141 (124.469)	Loss -1.8711 (-1.6852)
Epoch: [2][109/236]	Time 1.137 (125.606)	Loss -1.4695 (-1.6832)
Epoch: [2][110/236]	Time 1.137 (126.744)	Loss -1.6555 (-1.6830)
Epoch: [2][111/236]	Time 1.131 (127.875)	Loss -1.5269 (-1.6816)
Epoch: [2][112/236]	Time 1.136 (129.011)	Loss -1.7297 (-1.6820)
Epoch: [2][113/236]	Time 1.138 (130.149)	Loss -1.4412 (-1.6799)
Epoch: [2][114/236]	Time 1.150 (131.299)	Loss -1.6999 (-1.6801)
Epoch: [2][115/236]	Time 1.133 (132.432)	Loss -1.1571 (-1.6756)
Epoch: [2][116/236]	Time 1.138 (133.570)	Loss -1.3593 (-1.6729)
Epoch: [2][117/236]	Time 1.146 (134.716)	Loss -1.8172 (-1.6741)
Epoch: [2][118/236]	Time 1.163 (135.879)	Loss -1.4943 (-1.6726)
Epoch: [2][119/236]	Time 1.148 (137.027)	Loss -1.9172 (-1.6746)
Epoch: [2][120/236]	Time 1.140 (138.167)	Loss -1.7661 (-1.6754)
Epoch: [2][121/236]	Time 1.137 (139.304)	Loss -1.3307 (-1.6725)
Epoch: [2][122/236]	Time 1.142 (140.446)	Loss -1.6712 (-1.6725)
Epoch: [2][123/236]	Time 1.150 (141.596)	Loss -1.5085 (-1.6712)
Epoch: [2][124/236]	Time 1.150 (142.746)	Loss -1.3973 (-1.6690)
Epoch: [2][125/236]	Time 1.134 (143.880)	Loss -1.8529 (-1.6705)
Epoch: [2][126/236]	Time 1.163 (145.043)	Loss -1.7659 (-1.6712)
Epoch: [2][127/236]	Time 1.138 (146.181)	Loss -1.7323 (-1.6717)
Epoch: [2][128/236]	Time 1.142 (147.323)	Loss -1.7533 (-1.6723)
Epoch: [2][129/236]	Time 1.135 (148.458)	Loss -1.8548 (-1.6737)
Epoch: [2][130/236]	Time 1.139 (149.597)	Loss -1.6894 (-1.6739)
Epoch: [2][131/236]	Time 1.142 (150.738)	Loss -1.5126 (-1.6726)
Epoch: [2][132/236]	Time 1.149 (151.887)	Loss -1.5122 (-1.6714)
Epoch: [2][133/236]	Time 1.134 (153.022)	Loss -1.3926 (-1.6693)
Epoch: [2][134/236]	Time 1.133 (154.155)	Loss -1.7773 (-1.6701)
Epoch: [2][135/236]	Time 1.144 (155.298)	Loss -1.6570 (-1.6701)
Epoch: [2][136/236]	Time 1.144 (156.442)	Loss -1.1800 (-1.6665)
Epoch: [2][137/236]	Time 1.141 (157.583)	Loss -1.2391 (-1.6634)
Epoch: [2][138/236]	Time 1.129 (158.712)	Loss -1.5497 (-1.6626)
Epoch: [2][139/236]	Time 1.135 (159.847)	Loss -1.4845 (-1.6613)
Epoch: [2][140/236]	Time 1.152 (160.999)	Loss -1.6778 (-1.6614)
Epoch: [2][141/236]	Time 1.154 (162.153)	Loss -1.7414 (-1.6620)
Epoch: [2][142/236]	Time 1.146 (163.300)	Loss -1.5262 (-1.6610)
Epoch: [2][143/236]	Time 1.132 (164.432)	Loss -1.5940 (-1.6606)
Epoch: [2][144/236]	Time 1.136 (165.568)	Loss -1.7332 (-1.6611)
Epoch: [2][145/236]	Time 1.136 (166.705)	Loss -1.5918 (-1.6606)
Epoch: [2][146/236]	Time 1.146 (167.851)	Loss -1.7171 (-1.6610)
Epoch: [2][147/236]	Time 1.144 (168.995)	Loss -1.3062 (-1.6586)
Epoch: [2][148/236]	Time 1.137 (170.132)	Loss -1.6922 (-1.6588)
Epoch: [2][149/236]	Time 1.138 (171.270)	Loss -1.3588 (-1.6568)
Epoch: [2][150/236]	Time 1.137 (172.407)	Loss -1.5866 (-1.6563)
Epoch: [2][151/236]	Time 1.144 (173.551)	Loss -1.4368 (-1.6549)
Epoch: [2][152/236]	Time 1.130 (174.681)	Loss -1.8995 (-1.6565)
Epoch: [2][153/236]	Time 1.140 (175.822)	Loss -1.5532 (-1.6558)
Epoch: [2][154/236]	Time 1.141 (176.962)	Loss -1.7623 (-1.6565)
Epoch: [2][155/236]	Time 1.147 (178.109)	Loss -1.7672 (-1.6572)
Epoch: [2][156/236]	Time 1.133 (179.242)	Loss -1.7456 (-1.6578)
Epoch: [2][157/236]	Time 1.140 (180.382)	Loss -1.7949 (-1.6586)
Epoch: [2][158/236]	Time 1.143 (181.525)	Loss -1.4693 (-1.6575)
Epoch: [2][159/236]	Time 1.144 (182.669)	Loss -1.2787 (-1.6551)
Epoch: [2][160/236]	Time 1.157 (183.826)	Loss -1.0548 (-1.6514)
Epoch: [2][161/236]	Time 1.144 (184.970)	Loss -1.6260 (-1.6512)
Epoch: [2][162/236]	Time 1.130 (186.101)	Loss -1.7952 (-1.6521)
Epoch: [2][163/236]	Time 1.138 (187.239)	Loss -1.8062 (-1.6530)
Epoch: [2][164/236]	Time 1.138 (188.376)	Loss -1.1828 (-1.6502)
Epoch: [2][165/236]	Time 1.149 (189.526)	Loss -1.8044 (-1.6511)
Epoch: [2][166/236]	Time 1.131 (190.656)	Loss -1.7685 (-1.6518)
Epoch: [2][167/236]	Time 1.141 (191.797)	Loss -1.6275 (-1.6517)
Epoch: [2][168/236]	Time 1.136 (192.933)	Loss -1.7048 (-1.6520)
Epoch: [2][169/236]	Time 1.144 (194.077)	Loss -1.6336 (-1.6519)
Epoch: [2][170/236]	Time 1.139 (195.216)	Loss -1.8042 (-1.6528)
Epoch: [2][171/236]	Time 1.131 (196.347)	Loss -1.5217 (-1.6520)
Epoch: [2][172/236]	Time 1.140 (197.486)	Loss -1.6245 (-1.6518)
Epoch: [2][173/236]	Time 1.136 (198.622)	Loss -1.3241 (-1.6500)
Epoch: [2][174/236]	Time 1.146 (199.768)	Loss -1.5951 (-1.6496)
Epoch: [2][175/236]	Time 1.127 (200.895)	Loss -1.2838 (-1.6476)
Epoch: [2][176/236]	Time 1.131 (202.026)	Loss -1.5461 (-1.6470)
Epoch: [2][177/236]	Time 1.146 (203.172)	Loss -1.6599 (-1.6471)
Epoch: [2][178/236]	Time 1.143 (204.316)	Loss -1.3174 (-1.6452)
Epoch: [2][179/236]	Time 1.125 (205.441)	Loss -1.5296 (-1.6446)
Epoch: [2][180/236]	Time 1.143 (206.584)	Loss -1.5506 (-1.6441)
Epoch: [2][181/236]	Time 1.144 (207.728)	Loss -1.2224 (-1.6417)
Epoch: [2][182/236]	Time 1.138 (208.866)	Loss -1.7086 (-1.6421)
Epoch: [2][183/236]	Time 1.133 (209.999)	Loss -1.5983 (-1.6419)
Epoch: [2][184/236]	Time 1.135 (211.134)	Loss -1.8389 (-1.6429)
Epoch: [2][185/236]	Time 1.140 (212.274)	Loss -1.8776 (-1.6442)
Epoch: [2][186/236]	Time 1.147 (213.421)	Loss -1.4304 (-1.6431)
Epoch: [2][187/236]	Time 1.143 (214.565)	Loss -1.7060 (-1.6434)
Epoch: [2][188/236]	Time 1.136 (215.701)	Loss -1.4195 (-1.6422)
Epoch: [2][189/236]	Time 1.138 (216.839)	Loss -1.6348 (-1.6422)
Epoch: [2][190/236]	Time 1.148 (217.987)	Loss -1.5351 (-1.6416)
Epoch: [2][191/236]	Time 1.134 (219.121)	Loss -1.3936 (-1.6403)
Epoch: [2][192/236]	Time 1.139 (220.260)	Loss -1.8565 (-1.6414)
Epoch: [2][193/236]	Time 1.143 (221.403)	Loss -1.9571 (-1.6431)
Epoch: [2][194/236]	Time 1.143 (222.547)	Loss -1.7601 (-1.6437)
Epoch: [2][195/236]	Time 1.127 (223.674)	Loss -1.6371 (-1.6436)
Epoch: [2][196/236]	Time 1.132 (224.806)	Loss -1.5936 (-1.6434)
Epoch: [2][197/236]	Time 1.140 (225.946)	Loss -1.8058 (-1.6442)
Epoch: [2][198/236]	Time 1.139 (227.085)	Loss -1.5017 (-1.6435)
Epoch: [2][199/236]	Time 1.142 (228.228)	Loss -1.6033 (-1.6433)
Epoch: [2][200/236]	Time 1.135 (229.363)	Loss -1.5313 (-1.6427)
Epoch: [2][201/236]	Time 1.134 (230.497)	Loss -1.5893 (-1.6425)
Epoch: [2][202/236]	Time 1.143 (231.639)	Loss -1.7210 (-1.6428)
Epoch: [2][203/236]	Time 1.148 (232.787)	Loss -1.4847 (-1.6421)
Epoch: [2][204/236]	Time 1.130 (233.918)	Loss -1.1780 (-1.6398)
Epoch: [2][205/236]	Time 1.136 (235.054)	Loss -1.7994 (-1.6406)
Epoch: [2][206/236]	Time 1.137 (236.191)	Loss -1.3835 (-1.6393)
Epoch: [2][207/236]	Time 1.145 (237.336)	Loss -1.6876 (-1.6396)
Epoch: [2][208/236]	Time 1.137 (238.473)	Loss -1.8482 (-1.6406)
Epoch: [2][209/236]	Time 1.130 (239.603)	Loss -1.4896 (-1.6398)
Epoch: [2][210/236]	Time 1.137 (240.740)	Loss -1.4370 (-1.6389)
Epoch: [2][211/236]	Time 1.137 (241.877)	Loss -1.5191 (-1.6383)
Epoch: [2][212/236]	Time 1.144 (243.021)	Loss -1.4422 (-1.6374)
Epoch: [2][213/236]	Time 1.128 (244.150)	Loss -1.4823 (-1.6367)
Epoch: [2][214/236]	Time 1.131 (245.281)	Loss -1.7720 (-1.6373)
Epoch: [2][215/236]	Time 1.145 (246.426)	Loss -1.7214 (-1.6377)
Epoch: [2][216/236]	Time 1.147 (247.573)	Loss -1.7755 (-1.6383)
Epoch: [2][217/236]	Time 1.140 (248.713)	Loss -1.6897 (-1.6386)
Epoch: [2][218/236]	Time 1.136 (249.849)	Loss -1.7925 (-1.6393)
Epoch: [2][219/236]	Time 1.138 (250.987)	Loss -1.4866 (-1.6386)
Epoch: [2][220/236]	Time 1.144 (252.131)	Loss -1.6585 (-1.6387)
Epoch: [2][221/236]	Time 1.144 (253.275)	Loss -1.5946 (-1.6385)
Epoch: [2][222/236]	Time 1.130 (254.405)	Loss -1.7161 (-1.6388)
Epoch: [2][223/236]	Time 1.136 (255.541)	Loss -1.5532 (-1.6384)
Epoch: [2][224/236]	Time 1.144 (256.685)	Loss -1.8026 (-1.6392)
Epoch: [2][225/236]	Time 1.140 (257.825)	Loss -1.0846 (-1.6367)
Epoch: [2][226/236]	Time 1.129 (258.954)	Loss -1.5980 (-1.6365)
Epoch: [2][227/236]	Time 1.140 (260.094)	Loss -1.6152 (-1.6364)
Epoch: [2][228/236]	Time 1.138 (261.233)	Loss -1.6099 (-1.6363)
Epoch: [2][229/236]	Time 1.145 (262.378)	Loss -1.8445 (-1.6372)
Epoch: [2][230/236]	Time 1.141 (263.519)	Loss -1.5138 (-1.6367)
Epoch: [2][231/236]	Time 1.130 (264.649)	Loss -1.4912 (-1.6361)
Epoch: [2][232/236]	Time 1.129 (265.779)	Loss -1.4897 (-1.6354)
Epoch: [2][233/236]	Time 1.143 (266.922)	Loss -1.6011 (-1.6353)
Epoch: [2][234/236]	Time 1.145 (268.067)	Loss -1.6603 (-1.6354)
Epoch: [2][235/236]	Time 0.576 (268.643)	Loss -1.0588 (-1.6342)
Average loss over the test set at epoch 2 is: -1.6371695814253409
Epoch: [3][0/236]	Time 1.148 (1.148)	Loss -1.8352 (-1.8352)
Epoch: [3][1/236]	Time 1.142 (2.290)	Loss -1.9238 (-1.8795)
Epoch: [3][2/236]	Time 1.133 (3.423)	Loss -1.8684 (-1.8758)
Epoch: [3][3/236]	Time 1.145 (4.568)	Loss -1.7928 (-1.8550)
Epoch: [3][4/236]	Time 1.138 (5.707)	Loss -1.8167 (-1.8474)
Epoch: [3][5/236]	Time 1.144 (6.851)	Loss -1.8581 (-1.8492)
Epoch: [3][6/236]	Time 1.132 (7.983)	Loss -1.9315 (-1.8609)
Epoch: [3][7/236]	Time 1.139 (9.122)	Loss -1.8134 (-1.8550)
Epoch: [3][8/236]	Time 1.141 (10.263)	Loss -1.8644 (-1.8560)
Epoch: [3][9/236]	Time 1.139 (11.402)	Loss -1.8345 (-1.8539)
Epoch: [3][10/236]	Time 1.132 (12.534)	Loss -1.8731 (-1.8556)
Epoch: [3][11/236]	Time 1.137 (13.671)	Loss -1.8188 (-1.8526)
Epoch: [3][12/236]	Time 1.142 (14.812)	Loss -1.9398 (-1.8593)
Epoch: [3][13/236]	Time 1.146 (15.958)	Loss -1.9058 (-1.8626)
Epoch: [3][14/236]	Time 1.200 (17.158)	Loss -1.8335 (-1.8607)
Epoch: [3][15/236]	Time 1.145 (18.303)	Loss -1.9063 (-1.8635)
Epoch: [3][16/236]	Time 1.140 (19.443)	Loss -1.8748 (-1.8642)
Epoch: [3][17/236]	Time 1.133 (20.576)	Loss -1.8110 (-1.8612)
Epoch: [3][18/236]	Time 1.134 (21.710)	Loss -1.8335 (-1.8598)
Epoch: [3][19/236]	Time 1.138 (22.848)	Loss -1.8570 (-1.8596)
Epoch: [3][20/236]	Time 1.143 (23.991)	Loss -1.8659 (-1.8599)
Epoch: [3][21/236]	Time 1.130 (25.121)	Loss -1.9244 (-1.8629)
Epoch: [3][22/236]	Time 1.139 (26.260)	Loss -1.8408 (-1.8619)
Epoch: [3][23/236]	Time 1.142 (27.402)	Loss -1.8574 (-1.8617)
Epoch: [3][24/236]	Time 1.149 (28.552)	Loss -1.8993 (-1.8632)
Epoch: [3][25/236]	Time 1.133 (29.685)	Loss -1.8493 (-1.8627)
Epoch: [3][26/236]	Time 1.139 (30.824)	Loss -1.9755 (-1.8669)
Epoch: [3][27/236]	Time 1.139 (31.963)	Loss -1.8738 (-1.8671)
Epoch: [3][28/236]	Time 1.144 (33.107)	Loss -1.8412 (-1.8662)
Epoch: [3][29/236]	Time 1.148 (34.255)	Loss -1.8704 (-1.8664)
Epoch: [3][30/236]	Time 1.133 (35.388)	Loss -1.8221 (-1.8649)
Epoch: [3][31/236]	Time 1.136 (36.524)	Loss -1.8749 (-1.8652)
Epoch: [3][32/236]	Time 1.133 (37.658)	Loss -1.9333 (-1.8673)
Epoch: [3][33/236]	Time 1.141 (38.799)	Loss -1.9628 (-1.8701)
Epoch: [3][34/236]	Time 1.131 (39.930)	Loss -1.8703 (-1.8701)
Epoch: [3][35/236]	Time 1.135 (41.065)	Loss -1.8543 (-1.8697)
Epoch: [3][36/236]	Time 1.138 (42.203)	Loss -1.9367 (-1.8715)
Epoch: [3][37/236]	Time 1.142 (43.344)	Loss -1.8778 (-1.8717)
Epoch: [3][38/236]	Time 1.135 (44.479)	Loss -1.8556 (-1.8712)
Epoch: [3][39/236]	Time 1.132 (45.612)	Loss -1.5702 (-1.8637)
Epoch: [3][40/236]	Time 1.143 (46.754)	Loss -1.8083 (-1.8624)
Epoch: [3][41/236]	Time 1.146 (47.901)	Loss -1.4086 (-1.8516)
Epoch: [3][42/236]	Time 1.147 (49.048)	Loss -1.6396 (-1.8466)
Epoch: [3][43/236]	Time 1.135 (50.183)	Loss -1.4376 (-1.8373)
Epoch: [3][44/236]	Time 1.134 (51.317)	Loss -1.5109 (-1.8301)
Epoch: [3][45/236]	Time 1.141 (52.458)	Loss -1.3782 (-1.8203)
Epoch: [3][46/236]	Time 1.150 (53.608)	Loss -1.8023 (-1.8199)
Epoch: [3][47/236]	Time 1.128 (54.735)	Loss -1.7219 (-1.8178)
Epoch: [3][48/236]	Time 1.136 (55.871)	Loss -1.2133 (-1.8055)
Epoch: [3][49/236]	Time 1.141 (57.013)	Loss -1.8379 (-1.8061)
Epoch: [3][50/236]	Time 1.134 (58.147)	Loss -1.6746 (-1.8036)
Epoch: [3][51/236]	Time 1.134 (59.281)	Loss -1.6489 (-1.8006)
Epoch: [3][52/236]	Time 1.134 (60.415)	Loss -1.2665 (-1.7905)
Epoch: [3][53/236]	Time 1.146 (61.560)	Loss -1.4917 (-1.7850)
Epoch: [3][54/236]	Time 1.142 (62.702)	Loss -1.6621 (-1.7827)
Epoch: [3][55/236]	Time 1.134 (63.836)	Loss -1.8851 (-1.7846)
Epoch: [3][56/236]	Time 1.134 (64.970)	Loss -1.4872 (-1.7794)
Epoch: [3][57/236]	Time 1.137 (66.107)	Loss -1.2620 (-1.7704)
Epoch: [3][58/236]	Time 1.144 (67.251)	Loss -1.8887 (-1.7724)
Epoch: [3][59/236]	Time 1.137 (68.387)	Loss -1.7375 (-1.7719)
Epoch: [3][60/236]	Time 1.137 (69.524)	Loss -1.4305 (-1.7663)
Epoch: [3][61/236]	Time 1.139 (70.664)	Loss -1.7054 (-1.7653)
Epoch: [3][62/236]	Time 1.137 (71.801)	Loss -1.6318 (-1.7632)
Epoch: [3][63/236]	Time 1.148 (72.949)	Loss -1.1339 (-1.7533)
Epoch: [3][64/236]	Time 1.137 (74.085)	Loss -1.9276 (-1.7560)
Epoch: [3][65/236]	Time 1.135 (75.220)	Loss -1.5195 (-1.7524)
Epoch: [3][66/236]	Time 1.140 (76.361)	Loss -1.4084 (-1.7473)
Epoch: [3][67/236]	Time 1.143 (77.504)	Loss -1.2780 (-1.7404)
Epoch: [3][68/236]	Time 1.133 (78.637)	Loss -1.5642 (-1.7378)
Epoch: [3][69/236]	Time 1.134 (79.772)	Loss -1.5248 (-1.7348)
Epoch: [3][70/236]	Time 1.139 (80.910)	Loss -1.7702 (-1.7353)
Epoch: [3][71/236]	Time 1.144 (82.054)	Loss -1.8083 (-1.7363)
Epoch: [3][72/236]	Time 1.145 (83.199)	Loss -1.6984 (-1.7358)
Epoch: [3][73/236]	Time 1.131 (84.329)	Loss -1.8288 (-1.7370)
Epoch: [3][74/236]	Time 1.141 (85.471)	Loss -1.5064 (-1.7340)
Epoch: [3][75/236]	Time 1.139 (86.610)	Loss -1.8599 (-1.7356)
Epoch: [3][76/236]	Time 1.150 (87.760)	Loss -1.8031 (-1.7365)
Epoch: [3][77/236]	Time 1.141 (88.901)	Loss -1.7163 (-1.7362)
Epoch: [3][78/236]	Time 1.134 (90.035)	Loss -1.4718 (-1.7329)
Epoch: [3][79/236]	Time 1.140 (91.175)	Loss -1.3718 (-1.7284)
Epoch: [3][80/236]	Time 1.138 (92.313)	Loss -1.4624 (-1.7251)
Epoch: [3][81/236]	Time 1.143 (93.456)	Loss -1.4584 (-1.7218)
Epoch: [3][82/236]	Time 1.133 (94.589)	Loss -1.7667 (-1.7224)
Epoch: [3][83/236]	Time 1.135 (95.724)	Loss -1.6877 (-1.7220)
Epoch: [3][84/236]	Time 1.139 (96.863)	Loss -1.5235 (-1.7196)
Epoch: [3][85/236]	Time 1.139 (98.002)	Loss -1.3822 (-1.7157)
Epoch: [3][86/236]	Time 1.129 (99.131)	Loss -1.3702 (-1.7117)
Epoch: [3][87/236]	Time 1.135 (100.266)	Loss -1.6642 (-1.7112)
Epoch: [3][88/236]	Time 1.138 (101.404)	Loss -1.2872 (-1.7064)
Epoch: [3][89/236]	Time 1.144 (102.548)	Loss -1.5302 (-1.7045)
Epoch: [3][90/236]	Time 1.135 (103.683)	Loss -1.9130 (-1.7068)
Epoch: [3][91/236]	Time 1.136 (104.819)	Loss -1.8644 (-1.7085)
Epoch: [3][92/236]	Time 1.135 (105.954)	Loss -1.6595 (-1.7080)
Epoch: [3][93/236]	Time 1.153 (107.107)	Loss -1.4871 (-1.7056)
Epoch: [3][94/236]	Time 1.152 (108.259)	Loss -1.6489 (-1.7050)
Epoch: [3][95/236]	Time 1.142 (109.401)	Loss -1.3604 (-1.7014)
Epoch: [3][96/236]	Time 1.136 (110.537)	Loss -1.5859 (-1.7002)
Epoch: [3][97/236]	Time 1.137 (111.674)	Loss -1.8951 (-1.7022)
Epoch: [3][98/236]	Time 1.144 (112.818)	Loss -1.6212 (-1.7014)
Epoch: [3][99/236]	Time 1.149 (113.967)	Loss -1.6496 (-1.7009)
Epoch: [3][100/236]	Time 1.130 (115.097)	Loss -1.8270 (-1.7021)
Epoch: [3][101/236]	Time 1.141 (116.238)	Loss -1.8109 (-1.7032)
Epoch: [3][102/236]	Time 1.144 (117.383)	Loss -1.7423 (-1.7036)
Epoch: [3][103/236]	Time 1.150 (118.533)	Loss -1.6604 (-1.7032)
Epoch: [3][104/236]	Time 1.145 (119.678)	Loss -1.4443 (-1.7007)
Epoch: [3][105/236]	Time 1.133 (120.811)	Loss -1.7834 (-1.7015)
Epoch: [3][106/236]	Time 1.137 (121.948)	Loss -1.7553 (-1.7020)
Epoch: [3][107/236]	Time 1.146 (123.094)	Loss -1.8398 (-1.7033)
Epoch: [3][108/236]	Time 1.138 (124.231)	Loss -1.8883 (-1.7050)
Epoch: [3][109/236]	Time 1.164 (125.395)	Loss -1.4862 (-1.7030)
Epoch: [3][110/236]	Time 1.149 (126.543)	Loss -1.6621 (-1.7026)
Epoch: [3][111/236]	Time 1.140 (127.684)	Loss -1.5346 (-1.7011)
Epoch: [3][112/236]	Time 1.145 (128.829)	Loss -1.7410 (-1.7014)
Epoch: [3][113/236]	Time 1.133 (129.962)	Loss -1.4510 (-1.6993)
Epoch: [3][114/236]	Time 1.138 (131.099)	Loss -1.7075 (-1.6993)
Epoch: [3][115/236]	Time 1.135 (132.235)	Loss -1.1769 (-1.6948)
Epoch: [3][116/236]	Time 1.144 (133.379)	Loss -1.3609 (-1.6920)
Epoch: [3][117/236]	Time 1.148 (134.527)	Loss -1.8239 (-1.6931)
Epoch: [3][118/236]	Time 1.131 (135.658)	Loss -1.5081 (-1.6915)
Epoch: [3][119/236]	Time 1.136 (136.794)	Loss -1.9273 (-1.6935)
Epoch: [3][120/236]	Time 1.136 (137.929)	Loss -1.7726 (-1.6941)
Epoch: [3][121/236]	Time 1.147 (139.077)	Loss -1.3418 (-1.6913)
Epoch: [3][122/236]	Time 1.135 (140.212)	Loss -1.6816 (-1.6912)
Epoch: [3][123/236]	Time 1.136 (141.347)	Loss -1.5127 (-1.6897)
Epoch: [3][124/236]	Time 1.138 (142.485)	Loss -1.4148 (-1.6875)
Epoch: [3][125/236]	Time 1.148 (143.633)	Loss -1.8534 (-1.6889)
Epoch: [3][126/236]	Time 1.142 (144.776)	Loss -1.7736 (-1.6895)
Epoch: [3][127/236]	Time 1.135 (145.910)	Loss -1.7455 (-1.6900)
Epoch: [3][128/236]	Time 1.160 (147.071)	Loss -1.7616 (-1.6905)
Epoch: [3][129/236]	Time 1.144 (148.215)	Loss -1.8576 (-1.6918)
Epoch: [3][130/236]	Time 1.145 (149.359)	Loss -1.6853 (-1.6918)
Epoch: [3][131/236]	Time 1.140 (150.499)	Loss -1.5236 (-1.6905)
Epoch: [3][132/236]	Time 1.133 (151.631)	Loss -1.5209 (-1.6892)
Epoch: [3][133/236]	Time 1.137 (152.768)	Loss -1.4038 (-1.6871)
Epoch: [3][134/236]	Time 1.134 (153.902)	Loss -1.7935 (-1.6879)
Epoch: [3][135/236]	Time 1.146 (155.049)	Loss -1.6596 (-1.6877)
Epoch: [3][136/236]	Time 1.129 (156.178)	Loss -1.1945 (-1.6841)
Epoch: [3][137/236]	Time 1.135 (157.313)	Loss -1.2531 (-1.6809)
Epoch: [3][138/236]	Time 1.152 (158.465)	Loss -1.5640 (-1.6801)
Epoch: [3][139/236]	Time 1.141 (159.606)	Loss -1.4906 (-1.6787)
Epoch: [3][140/236]	Time 1.145 (160.750)	Loss -1.6813 (-1.6788)
Epoch: [3][141/236]	Time 1.130 (161.880)	Loss -1.7464 (-1.6792)
Epoch: [3][142/236]	Time 1.134 (163.014)	Loss -1.5376 (-1.6782)
Epoch: [3][143/236]	Time 1.137 (164.151)	Loss -1.6083 (-1.6778)
Epoch: [3][144/236]	Time 1.144 (165.295)	Loss -1.7479 (-1.6782)
Epoch: [3][145/236]	Time 1.133 (166.428)	Loss -1.6042 (-1.6777)
Epoch: [3][146/236]	Time 1.136 (167.564)	Loss -1.7262 (-1.6781)
Epoch: [3][147/236]	Time 1.139 (168.703)	Loss -1.3197 (-1.6756)
Epoch: [3][148/236]	Time 1.149 (169.852)	Loss -1.7007 (-1.6758)
Epoch: [3][149/236]	Time 1.142 (170.994)	Loss -1.3693 (-1.6738)
Epoch: [3][150/236]	Time 1.135 (172.128)	Loss -1.6020 (-1.6733)
Epoch: [3][151/236]	Time 1.137 (173.266)	Loss -1.4482 (-1.6718)
Epoch: [3][152/236]	Time 1.133 (174.399)	Loss -1.9081 (-1.6734)
Epoch: [3][153/236]	Time 1.147 (175.546)	Loss -1.5609 (-1.6726)
Epoch: [3][154/236]	Time 1.135 (176.681)	Loss -1.7747 (-1.6733)
Epoch: [3][155/236]	Time 1.140 (177.820)	Loss -1.7810 (-1.6740)
Epoch: [3][156/236]	Time 1.139 (178.959)	Loss -1.7553 (-1.6745)
Epoch: [3][157/236]	Time 1.143 (180.102)	Loss -1.8022 (-1.6753)
Epoch: [3][158/236]	Time 1.138 (181.240)	Loss -1.4874 (-1.6741)
Epoch: [3][159/236]	Time 1.139 (182.378)	Loss -1.2843 (-1.6717)
Epoch: [3][160/236]	Time 1.137 (183.516)	Loss -1.0704 (-1.6679)
Epoch: [3][161/236]	Time 1.153 (184.668)	Loss -1.6426 (-1.6678)
Epoch: [3][162/236]	Time 1.149 (185.817)	Loss -1.8061 (-1.6686)
Epoch: [3][163/236]	Time 1.133 (186.950)	Loss -1.8162 (-1.6695)
Epoch: [3][164/236]	Time 1.140 (188.090)	Loss -1.1946 (-1.6667)
Epoch: [3][165/236]	Time 1.140 (189.230)	Loss -1.8205 (-1.6676)
Epoch: [3][166/236]	Time 1.145 (190.375)	Loss -1.7868 (-1.6683)
Epoch: [3][167/236]	Time 1.136 (191.511)	Loss -1.6475 (-1.6682)
Epoch: [3][168/236]	Time 1.141 (192.652)	Loss -1.7159 (-1.6685)
Epoch: [3][169/236]	Time 1.137 (193.789)	Loss -1.6435 (-1.6683)
Epoch: [3][170/236]	Time 1.148 (194.937)	Loss -1.8139 (-1.6692)
Epoch: [3][171/236]	Time 1.141 (196.078)	Loss -1.5355 (-1.6684)
Epoch: [3][172/236]	Time 1.134 (197.212)	Loss -1.6426 (-1.6682)
Epoch: [3][173/236]	Time 1.138 (198.350)	Loss -1.3366 (-1.6663)
Epoch: [3][174/236]	Time 1.141 (199.492)	Loss -1.5842 (-1.6659)
Epoch: [3][175/236]	Time 1.141 (200.633)	Loss -1.2940 (-1.6638)
Epoch: [3][176/236]	Time 1.136 (201.769)	Loss -1.5518 (-1.6631)
Epoch: [3][177/236]	Time 1.135 (202.904)	Loss -1.6766 (-1.6632)
Epoch: [3][178/236]	Time 1.141 (204.045)	Loss -1.3324 (-1.6613)
Epoch: [3][179/236]	Time 1.135 (205.181)	Loss -1.5453 (-1.6607)
Epoch: [3][180/236]	Time 1.137 (206.317)	Loss -1.5698 (-1.6602)
Epoch: [3][181/236]	Time 1.138 (207.455)	Loss -1.2371 (-1.6579)
Epoch: [3][182/236]	Time 1.138 (208.593)	Loss -1.7181 (-1.6582)
Epoch: [3][183/236]	Time 1.140 (209.733)	Loss -1.6077 (-1.6579)
Epoch: [3][184/236]	Time 1.142 (210.875)	Loss -1.8467 (-1.6589)
Epoch: [3][185/236]	Time 1.132 (212.007)	Loss -1.8840 (-1.6602)
Epoch: [3][186/236]	Time 1.134 (213.142)	Loss -1.4409 (-1.6590)
Epoch: [3][187/236]	Time 1.145 (214.287)	Loss -1.7122 (-1.6593)
Epoch: [3][188/236]	Time 1.147 (215.433)	Loss -1.4245 (-1.6580)
Epoch: [3][189/236]	Time 1.132 (216.565)	Loss -1.6379 (-1.6579)
Epoch: [3][190/236]	Time 1.135 (217.700)	Loss -1.5449 (-1.6573)
Epoch: [3][191/236]	Time 1.142 (218.842)	Loss -1.4029 (-1.6560)
Epoch: [3][192/236]	Time 1.143 (219.985)	Loss -1.8635 (-1.6571)
Epoch: [3][193/236]	Time 1.143 (221.128)	Loss -1.9584 (-1.6586)
Epoch: [3][194/236]	Time 1.136 (222.264)	Loss -1.7722 (-1.6592)
Epoch: [3][195/236]	Time 1.139 (223.402)	Loss -1.6365 (-1.6591)
Epoch: [3][196/236]	Time 1.144 (224.546)	Loss -1.5948 (-1.6588)
Epoch: [3][197/236]	Time 1.144 (225.690)	Loss -1.8028 (-1.6595)
Epoch: [3][198/236]	Time 1.129 (226.820)	Loss -1.5028 (-1.6587)
Epoch: [3][199/236]	Time 1.136 (227.956)	Loss -1.6056 (-1.6584)
Epoch: [3][200/236]	Time 1.141 (229.097)	Loss -1.5423 (-1.6579)
Epoch: [3][201/236]	Time 1.146 (230.243)	Loss -1.5992 (-1.6576)
Epoch: [3][202/236]	Time 1.145 (231.389)	Loss -1.7289 (-1.6579)
Epoch: [3][203/236]	Time 1.132 (232.520)	Loss -1.4932 (-1.6571)
Epoch: [3][204/236]	Time 1.136 (233.656)	Loss -1.1925 (-1.6549)
Epoch: [3][205/236]	Time 1.142 (234.798)	Loss -1.8073 (-1.6556)
Epoch: [3][206/236]	Time 1.147 (235.945)	Loss -1.3987 (-1.6544)
Epoch: [3][207/236]	Time 1.134 (237.079)	Loss -1.6965 (-1.6546)
Epoch: [3][208/236]	Time 1.136 (238.215)	Loss -1.8853 (-1.6557)
Epoch: [3][209/236]	Time 1.139 (239.354)	Loss -1.4957 (-1.6549)
Epoch: [3][210/236]	Time 1.142 (240.496)	Loss -1.4467 (-1.6539)
Epoch: [3][211/236]	Time 1.134 (241.631)	Loss -1.5344 (-1.6533)
Epoch: [3][212/236]	Time 1.130 (242.761)	Loss -1.4486 (-1.6524)
Epoch: [3][213/236]	Time 1.140 (243.900)	Loss -1.4997 (-1.6517)
Epoch: [3][214/236]	Time 1.138 (245.039)	Loss -1.7848 (-1.6523)
Epoch: [3][215/236]	Time 1.149 (246.188)	Loss -1.7298 (-1.6527)
Epoch: [3][216/236]	Time 1.129 (247.317)	Loss -1.7888 (-1.6533)
Epoch: [3][217/236]	Time 1.138 (248.455)	Loss -1.6998 (-1.6535)
Epoch: [3][218/236]	Time 1.135 (249.590)	Loss -1.7949 (-1.6541)
Epoch: [3][219/236]	Time 1.135 (250.724)	Loss -1.5022 (-1.6534)
Epoch: [3][220/236]	Time 1.134 (251.858)	Loss -1.6721 (-1.6535)
Epoch: [3][221/236]	Time 1.135 (252.993)	Loss -1.5917 (-1.6533)
Epoch: [3][222/236]	Time 1.144 (254.137)	Loss -1.7159 (-1.6535)
Epoch: [3][223/236]	Time 1.141 (255.278)	Loss -1.5535 (-1.6531)
Epoch: [3][224/236]	Time 1.127 (256.405)	Loss -1.8063 (-1.6538)
Epoch: [3][225/236]	Time 1.136 (257.541)	Loss -1.0974 (-1.6513)
Epoch: [3][226/236]	Time 1.145 (258.685)	Loss -1.6049 (-1.6511)
Epoch: [3][227/236]	Time 1.125 (259.811)	Loss -1.6203 (-1.6510)
Epoch: [3][228/236]	Time 1.129 (260.940)	Loss -1.6107 (-1.6508)
Epoch: [3][229/236]	Time 1.142 (262.082)	Loss -1.8326 (-1.6516)
Epoch: [3][230/236]	Time 1.142 (263.223)	Loss -1.5127 (-1.6510)
Epoch: [3][231/236]	Time 1.137 (264.361)	Loss -1.4964 (-1.6503)
Epoch: [3][232/236]	Time 1.129 (265.490)	Loss -1.4946 (-1.6496)
Epoch: [3][233/236]	Time 1.133 (266.623)	Loss -1.6090 (-1.6495)
Epoch: [3][234/236]	Time 1.138 (267.761)	Loss -1.6653 (-1.6495)
Epoch: [3][235/236]	Time 0.577 (268.338)	Loss -1.0877 (-1.6483)
Average loss over the test set at epoch 3 is: -1.641551880896846
Snapshot saved to: trained_models_3_1000/model_3.pth.tar
Epoch: [4][0/236]	Time 1.130 (1.130)	Loss -1.8278 (-1.8278)
Epoch: [4][1/236]	Time 1.140 (2.270)	Loss -1.9215 (-1.8746)
Epoch: [4][2/236]	Time 1.141 (3.411)	Loss -1.8672 (-1.8721)
Epoch: [4][3/236]	Time 1.143 (4.554)	Loss -1.7966 (-1.8533)
Epoch: [4][4/236]	Time 1.131 (5.686)	Loss -1.8198 (-1.8466)
Epoch: [4][5/236]	Time 1.137 (6.823)	Loss -1.8548 (-1.8479)
Epoch: [4][6/236]	Time 1.136 (7.959)	Loss -1.9234 (-1.8587)
Epoch: [4][7/236]	Time 1.146 (9.106)	Loss -1.8165 (-1.8534)
Epoch: [4][8/236]	Time 1.135 (10.240)	Loss -1.8654 (-1.8548)
Epoch: [4][9/236]	Time 1.132 (11.372)	Loss -1.8394 (-1.8532)
Epoch: [4][10/236]	Time 1.142 (12.514)	Loss -1.8747 (-1.8552)
Epoch: [4][11/236]	Time 1.140 (13.654)	Loss -1.8196 (-1.8522)
Epoch: [4][12/236]	Time 1.146 (14.800)	Loss -1.9396 (-1.8589)
Epoch: [4][13/236]	Time 1.130 (15.930)	Loss -1.9053 (-1.8622)
Epoch: [4][14/236]	Time 1.136 (17.066)	Loss -1.8336 (-1.8603)
Epoch: [4][15/236]	Time 1.137 (18.204)	Loss -1.9071 (-1.8633)
Epoch: [4][16/236]	Time 1.152 (19.355)	Loss -1.8790 (-1.8642)
Epoch: [4][17/236]	Time 1.136 (20.491)	Loss -1.8115 (-1.8613)
Epoch: [4][18/236]	Time 1.136 (21.627)	Loss -1.8329 (-1.8598)
Epoch: [4][19/236]	Time 1.138 (22.765)	Loss -1.8578 (-1.8597)
Epoch: [4][20/236]	Time 1.161 (23.926)	Loss -1.8690 (-1.8601)
Epoch: [4][21/236]	Time 1.139 (25.065)	Loss -1.9259 (-1.8631)
Epoch: [4][22/236]	Time 1.130 (26.195)	Loss -1.8438 (-1.8623)
Epoch: [4][23/236]	Time 1.138 (27.333)	Loss -1.8590 (-1.8621)
Epoch: [4][24/236]	Time 1.146 (28.479)	Loss -1.9011 (-1.8637)
Epoch: [4][25/236]	Time 1.133 (29.612)	Loss -1.8499 (-1.8632)
Epoch: [4][26/236]	Time 1.131 (30.743)	Loss -1.9747 (-1.8673)
Epoch: [4][27/236]	Time 1.138 (31.881)	Loss -1.8753 (-1.8676)
Epoch: [4][28/236]	Time 1.146 (33.026)	Loss -1.8397 (-1.8666)
Epoch: [4][29/236]	Time 1.140 (34.167)	Loss -1.8723 (-1.8668)
Epoch: [4][30/236]	Time 1.134 (35.301)	Loss -1.8241 (-1.8654)
Epoch: [4][31/236]	Time 1.139 (36.440)	Loss -1.8751 (-1.8657)
Epoch: [4][32/236]	Time 1.141 (37.581)	Loss -1.9319 (-1.8677)
Epoch: [4][33/236]	Time 1.142 (38.723)	Loss -1.9632 (-1.8705)
Epoch: [4][34/236]	Time 1.132 (39.855)	Loss -1.8790 (-1.8708)
Epoch: [4][35/236]	Time 1.141 (40.996)	Loss -1.8582 (-1.8704)
Epoch: [4][36/236]	Time 1.142 (42.139)	Loss -1.9371 (-1.8722)
Epoch: [4][37/236]	Time 1.189 (43.328)	Loss -1.8749 (-1.8723)
Epoch: [4][38/236]	Time 1.141 (44.469)	Loss -1.8570 (-1.8719)
Epoch: [4][39/236]	Time 1.147 (45.616)	Loss -1.5807 (-1.8646)
Epoch: [4][40/236]	Time 1.134 (46.750)	Loss -1.8173 (-1.8635)
Epoch: [4][41/236]	Time 1.135 (47.885)	Loss -1.4166 (-1.8528)
Epoch: [4][42/236]	Time 1.141 (49.026)	Loss -1.6449 (-1.8480)
Epoch: [4][43/236]	Time 1.154 (50.180)	Loss -1.4424 (-1.8388)
Epoch: [4][44/236]	Time 1.149 (51.328)	Loss -1.5230 (-1.8318)
Epoch: [4][45/236]	Time 1.133 (52.461)	Loss -1.3846 (-1.8220)
Epoch: [4][46/236]	Time 1.178 (53.640)	Loss -1.8085 (-1.8218)
Epoch: [4][47/236]	Time 1.141 (54.780)	Loss -1.7255 (-1.8198)
Epoch: [4][48/236]	Time 1.137 (55.918)	Loss -1.2229 (-1.8076)
Epoch: [4][49/236]	Time 1.148 (57.065)	Loss -1.8475 (-1.8084)
Epoch: [4][50/236]	Time 1.144 (58.209)	Loss -1.6809 (-1.8059)
Epoch: [4][51/236]	Time 1.132 (59.341)	Loss -1.6553 (-1.8030)
Epoch: [4][52/236]	Time 1.138 (60.479)	Loss -1.2738 (-1.7930)
Epoch: [4][53/236]	Time 1.138 (61.617)	Loss -1.5015 (-1.7876)
Epoch: [4][54/236]	Time 1.148 (62.765)	Loss -1.6720 (-1.7855)
Epoch: [4][55/236]	Time 1.133 (63.898)	Loss -1.8923 (-1.7874)
Epoch: [4][56/236]	Time 1.136 (65.034)	Loss -1.4969 (-1.7823)
Epoch: [4][57/236]	Time 1.139 (66.174)	Loss -1.2733 (-1.7735)
Epoch: [4][58/236]	Time 1.140 (67.314)	Loss -1.8963 (-1.7756)
Epoch: [4][59/236]	Time 1.135 (68.448)	Loss -1.7506 (-1.7752)
Epoch: [4][60/236]	Time 1.138 (69.587)	Loss -1.4395 (-1.7697)
Epoch: [4][61/236]	Time 1.166 (70.752)	Loss -1.7160 (-1.7688)
Epoch: [4][62/236]	Time 1.137 (71.889)	Loss -1.6394 (-1.7668)
Epoch: [4][63/236]	Time 1.147 (73.036)	Loss -1.1438 (-1.7570)
Epoch: [4][64/236]	Time 1.148 (74.184)	Loss -1.9295 (-1.7597)
Epoch: [4][65/236]	Time 1.139 (75.323)	Loss -1.5298 (-1.7562)
Epoch: [4][66/236]	Time 1.132 (76.455)	Loss -1.4179 (-1.7512)
Epoch: [4][67/236]	Time 1.141 (77.596)	Loss -1.2884 (-1.7443)
Epoch: [4][68/236]	Time 1.146 (78.742)	Loss -1.5734 (-1.7419)
Epoch: [4][69/236]	Time 1.144 (79.886)	Loss -1.5394 (-1.7390)
Epoch: [4][70/236]	Time 1.186 (81.072)	Loss -1.7831 (-1.7396)
Epoch: [4][71/236]	Time 1.136 (82.209)	Loss -1.8111 (-1.7406)
Epoch: [4][72/236]	Time 1.130 (83.339)	Loss -1.7070 (-1.7401)
Epoch: [4][73/236]	Time 1.148 (84.487)	Loss -1.8325 (-1.7414)
Epoch: [4][74/236]	Time 1.143 (85.630)	Loss -1.5140 (-1.7383)
Epoch: [4][75/236]	Time 1.131 (86.760)	Loss -1.8666 (-1.7400)
Epoch: [4][76/236]	Time 1.136 (87.896)	Loss -1.8086 (-1.7409)
Epoch: [4][77/236]	Time 1.142 (89.038)	Loss -1.7271 (-1.7407)
Epoch: [4][78/236]	Time 1.140 (90.178)	Loss -1.4786 (-1.7374)
Epoch: [4][79/236]	Time 1.135 (91.313)	Loss -1.3801 (-1.7330)
Epoch: [4][80/236]	Time 1.133 (92.446)	Loss -1.4703 (-1.7297)
Epoch: [4][81/236]	Time 1.134 (93.581)	Loss -1.4690 (-1.7265)
Epoch: [4][82/236]	Time 1.139 (94.720)	Loss -1.7675 (-1.7270)
Epoch: [4][83/236]	Time 1.133 (95.853)	Loss -1.6907 (-1.7266)
Epoch: [4][84/236]	Time 1.132 (96.985)	Loss -1.5305 (-1.7243)
Epoch: [4][85/236]	Time 1.142 (98.128)	Loss -1.3852 (-1.7203)
Epoch: [4][86/236]	Time 1.132 (99.260)	Loss -1.3744 (-1.7164)
Epoch: [4][87/236]	Time 1.130 (100.390)	Loss -1.6668 (-1.7158)
Epoch: [4][88/236]	Time 1.139 (101.529)	Loss -1.2991 (-1.7111)
Epoch: [4][89/236]	Time 1.144 (102.673)	Loss -1.5424 (-1.7093)
Epoch: [4][90/236]	Time 1.142 (103.814)	Loss -1.9133 (-1.7115)
Epoch: [4][91/236]	Time 1.135 (104.949)	Loss -1.8638 (-1.7131)
Epoch: [4][92/236]	Time 1.139 (106.088)	Loss -1.6683 (-1.7127)
Epoch: [4][93/236]	Time 1.144 (107.233)	Loss -1.4943 (-1.7103)
Epoch: [4][94/236]	Time 1.152 (108.384)	Loss -1.6585 (-1.7098)
Epoch: [4][95/236]	Time 1.147 (109.531)	Loss -1.3704 (-1.7063)
Epoch: [4][96/236]	Time 1.135 (110.667)	Loss -1.5914 (-1.7051)
Epoch: [4][97/236]	Time 1.138 (111.804)	Loss -1.9017 (-1.7071)
Epoch: [4][98/236]	Time 1.138 (112.942)	Loss -1.6234 (-1.7062)
Epoch: [4][99/236]	Time 1.147 (114.089)	Loss -1.6565 (-1.7057)
Epoch: [4][100/236]	Time 1.140 (115.229)	Loss -1.8308 (-1.7070)
Epoch: [4][101/236]	Time 1.131 (116.360)	Loss -1.8185 (-1.7081)
Epoch: [4][102/236]	Time 1.142 (117.502)	Loss -1.7487 (-1.7085)
Epoch: [4][103/236]	Time 1.142 (118.644)	Loss -1.6617 (-1.7080)
Epoch: [4][104/236]	Time 1.140 (119.785)	Loss -1.4519 (-1.7056)
Epoch: [4][105/236]	Time 1.134 (120.919)	Loss -1.7865 (-1.7063)
Epoch: [4][106/236]	Time 1.134 (122.052)	Loss -1.7535 (-1.7068)
Epoch: [4][107/236]	Time 1.143 (123.195)	Loss -1.8375 (-1.7080)
Epoch: [4][108/236]	Time 1.139 (124.334)	Loss -1.8766 (-1.7095)
Epoch: [4][109/236]	Time 1.129 (125.463)	Loss -1.4891 (-1.7075)
Epoch: [4][110/236]	Time 1.139 (126.602)	Loss -1.6755 (-1.7072)
Epoch: [4][111/236]	Time 1.147 (127.749)	Loss -1.5483 (-1.7058)
Epoch: [4][112/236]	Time 1.140 (128.889)	Loss -1.7539 (-1.7063)
Epoch: [4][113/236]	Time 1.143 (130.032)	Loss -1.4599 (-1.7041)
Epoch: [4][114/236]	Time 1.131 (131.162)	Loss -1.7063 (-1.7041)
Epoch: [4][115/236]	Time 1.137 (132.300)	Loss -1.1890 (-1.6997)
Epoch: [4][116/236]	Time 1.131 (133.431)	Loss -1.3739 (-1.6969)
Epoch: [4][117/236]	Time 1.146 (134.577)	Loss -1.8401 (-1.6981)
Epoch: [4][118/236]	Time 1.132 (135.709)	Loss -1.5199 (-1.6966)
Epoch: [4][119/236]	Time 1.137 (136.846)	Loss -1.9123 (-1.6984)
Epoch: [4][120/236]	Time 1.140 (137.987)	Loss -1.7847 (-1.6991)
Epoch: [4][121/236]	Time 1.143 (139.129)	Loss -1.3510 (-1.6963)
Epoch: [4][122/236]	Time 1.139 (140.269)	Loss -1.6902 (-1.6962)
Epoch: [4][123/236]	Time 1.132 (141.400)	Loss -1.5310 (-1.6949)
Epoch: [4][124/236]	Time 1.137 (142.538)	Loss -1.4289 (-1.6927)
Epoch: [4][125/236]	Time 1.144 (143.681)	Loss -1.8734 (-1.6942)
Epoch: [4][126/236]	Time 1.137 (144.818)	Loss -1.7879 (-1.6949)
Epoch: [4][127/236]	Time 1.135 (145.954)	Loss -1.7532 (-1.6954)
Epoch: [4][128/236]	Time 1.138 (147.092)	Loss -1.7656 (-1.6959)
Epoch: [4][129/236]	Time 1.143 (148.235)	Loss -1.8639 (-1.6972)
Epoch: [4][130/236]	Time 1.139 (149.375)	Loss -1.7017 (-1.6972)
Epoch: [4][131/236]	Time 1.130 (150.505)	Loss -1.5389 (-1.6960)
Epoch: [4][132/236]	Time 1.136 (151.640)	Loss -1.5375 (-1.6949)
Epoch: [4][133/236]	Time 1.153 (152.794)	Loss -1.4211 (-1.6928)
Epoch: [4][134/236]	Time 1.140 (153.934)	Loss -1.7976 (-1.6936)
Epoch: [4][135/236]	Time 1.131 (155.064)	Loss -1.6692 (-1.6934)
Epoch: [4][136/236]	Time 1.140 (156.205)	Loss -1.2073 (-1.6899)
Epoch: [4][137/236]	Time 1.142 (157.347)	Loss -1.2688 (-1.6868)
Epoch: [4][138/236]	Time 1.144 (158.490)	Loss -1.5764 (-1.6860)
Epoch: [4][139/236]	Time 1.138 (159.628)	Loss -1.5081 (-1.6847)
Epoch: [4][140/236]	Time 1.137 (160.765)	Loss -1.6969 (-1.6848)
Epoch: [4][141/236]	Time 1.149 (161.913)	Loss -1.7616 (-1.6854)
Epoch: [4][142/236]	Time 1.145 (163.058)	Loss -1.5535 (-1.6844)
Epoch: [4][143/236]	Time 1.133 (164.191)	Loss -1.6200 (-1.6840)
Epoch: [4][144/236]	Time 1.142 (165.333)	Loss -1.7625 (-1.6845)
Epoch: [4][145/236]	Time 1.134 (166.467)	Loss -1.6197 (-1.6841)
Epoch: [4][146/236]	Time 1.141 (167.608)	Loss -1.7360 (-1.6845)
Epoch: [4][147/236]	Time 1.148 (168.756)	Loss -1.3300 (-1.6821)
Epoch: [4][148/236]	Time 1.133 (169.888)	Loss -1.7142 (-1.6823)
Epoch: [4][149/236]	Time 1.160 (171.049)	Loss -1.3845 (-1.6803)
Epoch: [4][150/236]	Time 1.136 (172.184)	Loss -1.6147 (-1.6799)
Epoch: [4][151/236]	Time 1.145 (173.329)	Loss -1.4648 (-1.6784)
Epoch: [4][152/236]	Time 1.148 (174.477)	Loss -1.9030 (-1.6799)
Epoch: [4][153/236]	Time 1.134 (175.611)	Loss -1.5686 (-1.6792)
Epoch: [4][154/236]	Time 1.130 (176.741)	Loss -1.7804 (-1.6798)
Epoch: [4][155/236]	Time 1.140 (177.880)	Loss -1.7859 (-1.6805)
Epoch: [4][156/236]	Time 1.145 (179.026)	Loss -1.7642 (-1.6810)
Epoch: [4][157/236]	Time 1.146 (180.172)	Loss -1.8050 (-1.6818)
Epoch: [4][158/236]	Time 1.131 (181.303)	Loss -1.4985 (-1.6807)
Epoch: [4][159/236]	Time 1.182 (182.485)	Loss -1.2946 (-1.6783)
Epoch: [4][160/236]	Time 1.135 (183.620)	Loss -1.0798 (-1.6745)
Epoch: [4][161/236]	Time 1.145 (184.765)	Loss -1.6477 (-1.6744)
Epoch: [4][162/236]	Time 1.150 (185.914)	Loss -1.8115 (-1.6752)
Epoch: [4][163/236]	Time 1.139 (187.053)	Loss -1.8183 (-1.6761)
Epoch: [4][164/236]	Time 1.132 (188.186)	Loss -1.2038 (-1.6732)
Epoch: [4][165/236]	Time 1.141 (189.327)	Loss -1.8234 (-1.6741)
Epoch: [4][166/236]	Time 1.143 (190.470)	Loss -1.7922 (-1.6748)
Epoch: [4][167/236]	Time 1.141 (191.611)	Loss -1.6580 (-1.6747)
Epoch: [4][168/236]	Time 1.132 (192.743)	Loss -1.7188 (-1.6750)
Epoch: [4][169/236]	Time 1.136 (193.878)	Loss -1.6508 (-1.6749)
Epoch: [4][170/236]	Time 1.133 (195.012)	Loss -1.8226 (-1.6757)
Epoch: [4][171/236]	Time 1.152 (196.164)	Loss -1.5451 (-1.6750)
Epoch: [4][172/236]	Time 1.136 (197.300)	Loss -1.6534 (-1.6748)
Epoch: [4][173/236]	Time 1.135 (198.435)	Loss -1.3505 (-1.6730)
Epoch: [4][174/236]	Time 1.141 (199.576)	Loss -1.6163 (-1.6727)
Epoch: [4][175/236]	Time 1.142 (200.718)	Loss -1.3064 (-1.6706)
Epoch: [4][176/236]	Time 1.141 (201.858)	Loss -1.5741 (-1.6700)
Epoch: [4][177/236]	Time 1.134 (202.993)	Loss -1.6846 (-1.6701)
Epoch: [4][178/236]	Time 1.137 (204.130)	Loss -1.3464 (-1.6683)
Epoch: [4][179/236]	Time 1.144 (205.273)	Loss -1.5225 (-1.6675)
Epoch: [4][180/236]	Time 1.140 (206.413)	Loss -1.5789 (-1.6670)
Epoch: [4][181/236]	Time 1.132 (207.545)	Loss -1.2561 (-1.6647)
Epoch: [4][182/236]	Time 1.138 (208.683)	Loss -1.7221 (-1.6651)
Epoch: [4][183/236]	Time 1.136 (209.819)	Loss -1.6245 (-1.6648)
Epoch: [4][184/236]	Time 1.146 (210.965)	Loss -1.8532 (-1.6659)
Epoch: [4][185/236]	Time 1.145 (212.110)	Loss -1.8829 (-1.6670)
Epoch: [4][186/236]	Time 1.132 (213.242)	Loss -1.4504 (-1.6659)
Epoch: [4][187/236]	Time 1.137 (214.380)	Loss -1.7206 (-1.6662)
Epoch: [4][188/236]	Time 1.134 (215.514)	Loss -1.4387 (-1.6650)
Epoch: [4][189/236]	Time 1.148 (216.662)	Loss -1.6504 (-1.6649)
Epoch: [4][190/236]	Time 1.138 (217.800)	Loss -1.5586 (-1.6643)
Epoch: [4][191/236]	Time 1.131 (218.932)	Loss -1.4076 (-1.6630)
Epoch: [4][192/236]	Time 1.142 (220.074)	Loss -1.8713 (-1.6641)
Epoch: [4][193/236]	Time 1.151 (221.225)	Loss -1.9752 (-1.6657)
Epoch: [4][194/236]	Time 1.149 (222.374)	Loss -1.7831 (-1.6663)
Epoch: [4][195/236]	Time 1.136 (223.510)	Loss -1.6496 (-1.6662)
Epoch: [4][196/236]	Time 1.141 (224.650)	Loss -1.6040 (-1.6659)
Epoch: [4][197/236]	Time 1.142 (225.792)	Loss -1.8199 (-1.6666)
Epoch: [4][198/236]	Time 1.148 (226.940)	Loss -1.5068 (-1.6658)
Epoch: [4][199/236]	Time 1.135 (228.075)	Loss -1.6203 (-1.6656)
Epoch: [4][200/236]	Time 1.139 (229.214)	Loss -1.5445 (-1.6650)
Epoch: [4][201/236]	Time 1.142 (230.356)	Loss -1.6046 (-1.6647)
Epoch: [4][202/236]	Time 1.146 (231.502)	Loss -1.7360 (-1.6651)
Epoch: [4][203/236]	Time 1.133 (232.635)	Loss -1.5065 (-1.6643)
Epoch: [4][204/236]	Time 1.136 (233.771)	Loss -1.2031 (-1.6620)
Epoch: [4][205/236]	Time 1.137 (234.907)	Loss -1.8118 (-1.6628)
Epoch: [4][206/236]	Time 1.145 (236.053)	Loss -1.4074 (-1.6615)
Epoch: [4][207/236]	Time 1.131 (237.183)	Loss -1.7025 (-1.6617)
Epoch: [4][208/236]	Time 1.139 (238.322)	Loss -1.8904 (-1.6628)
Epoch: [4][209/236]	Time 1.140 (239.462)	Loss -1.5033 (-1.6621)
Epoch: [4][210/236]	Time 1.147 (240.608)	Loss -1.4543 (-1.6611)
Epoch: [4][211/236]	Time 1.140 (241.749)	Loss -1.5418 (-1.6605)
Epoch: [4][212/236]	Time 1.130 (242.879)	Loss -1.4595 (-1.6596)
Epoch: [4][213/236]	Time 1.142 (244.021)	Loss -1.5079 (-1.6589)
Epoch: [4][214/236]	Time 1.142 (245.163)	Loss -1.7909 (-1.6595)
Epoch: [4][215/236]	Time 1.140 (246.303)	Loss -1.7357 (-1.6598)
Epoch: [4][216/236]	Time 1.134 (247.437)	Loss -1.7988 (-1.6605)
Epoch: [4][217/236]	Time 1.134 (248.571)	Loss -1.7065 (-1.6607)
Epoch: [4][218/236]	Time 1.139 (249.711)	Loss -1.7990 (-1.6613)
Epoch: [4][219/236]	Time 1.138 (250.849)	Loss -1.5118 (-1.6606)
Epoch: [4][220/236]	Time 1.140 (251.990)	Loss -1.6826 (-1.6607)
Epoch: [4][221/236]	Time 1.134 (253.123)	Loss -1.6088 (-1.6605)
Epoch: [4][222/236]	Time 1.134 (254.258)	Loss -1.7391 (-1.6609)
Epoch: [4][223/236]	Time 1.140 (255.398)	Loss -1.5684 (-1.6604)
Epoch: [4][224/236]	Time 1.146 (256.545)	Loss -1.8124 (-1.6611)
Epoch: [4][225/236]	Time 1.133 (257.678)	Loss -1.1088 (-1.6587)
Epoch: [4][226/236]	Time 1.130 (258.808)	Loss -1.6123 (-1.6585)
Epoch: [4][227/236]	Time 1.139 (259.947)	Loss -1.6355 (-1.6584)
Epoch: [4][228/236]	Time 1.143 (261.090)	Loss -1.6276 (-1.6582)
Epoch: [4][229/236]	Time 1.141 (262.231)	Loss -1.8476 (-1.6591)
Epoch: [4][230/236]	Time 1.131 (263.363)	Loss -1.5238 (-1.6585)
Epoch: [4][231/236]	Time 1.136 (264.498)	Loss -1.5104 (-1.6578)
Epoch: [4][232/236]	Time 1.145 (265.643)	Loss -1.5075 (-1.6572)
Epoch: [4][233/236]	Time 1.151 (266.794)	Loss -1.6182 (-1.6570)
Epoch: [4][234/236]	Time 1.131 (267.926)	Loss -1.6759 (-1.6571)
Epoch: [4][235/236]	Time 0.576 (268.502)	Loss -1.1051 (-1.6559)
Average loss over the test set at epoch 4 is: -1.6453564996960797
Epoch: [5][0/236]	Time 1.141 (1.141)	Loss -1.8316 (-1.8316)
Epoch: [5][1/236]	Time 1.144 (2.285)	Loss -1.9292 (-1.8804)
Epoch: [5][2/236]	Time 1.133 (3.418)	Loss -1.8745 (-1.8785)
Epoch: [5][3/236]	Time 1.137 (4.556)	Loss -1.7946 (-1.8575)
Epoch: [5][4/236]	Time 1.141 (5.697)	Loss -1.8191 (-1.8498)
Epoch: [5][5/236]	Time 1.151 (6.848)	Loss -1.8582 (-1.8512)
Epoch: [5][6/236]	Time 1.144 (7.993)	Loss -1.9259 (-1.8619)
Epoch: [5][7/236]	Time 1.130 (9.122)	Loss -1.8198 (-1.8566)
Epoch: [5][8/236]	Time 1.169 (10.292)	Loss -1.8698 (-1.8581)
Epoch: [5][9/236]	Time 1.161 (11.453)	Loss -1.8443 (-1.8567)
Epoch: [5][10/236]	Time 1.138 (12.590)	Loss -1.8782 (-1.8587)
Epoch: [5][11/236]	Time 1.148 (13.738)	Loss -1.8243 (-1.8558)
Epoch: [5][12/236]	Time 1.149 (14.887)	Loss -1.9398 (-1.8623)
Epoch: [5][13/236]	Time 1.133 (16.021)	Loss -1.9057 (-1.8654)
Epoch: [5][14/236]	Time 1.137 (17.158)	Loss -1.8391 (-1.8636)
Epoch: [5][15/236]	Time 1.141 (18.299)	Loss -1.9089 (-1.8664)
Epoch: [5][16/236]	Time 1.141 (19.440)	Loss -1.8837 (-1.8675)
Epoch: [5][17/236]	Time 1.139 (20.579)	Loss -1.8165 (-1.8646)
Epoch: [5][18/236]	Time 1.134 (21.713)	Loss -1.8382 (-1.8632)
Epoch: [5][19/236]	Time 1.140 (22.853)	Loss -1.8629 (-1.8632)
Epoch: [5][20/236]	Time 1.150 (24.003)	Loss -1.8728 (-1.8637)
Epoch: [5][21/236]	Time 1.140 (25.143)	Loss -1.9289 (-1.8666)
Epoch: [5][22/236]	Time 1.157 (26.300)	Loss -1.8481 (-1.8658)
Epoch: [5][23/236]	Time 1.131 (27.431)	Loss -1.8633 (-1.8657)
Epoch: [5][24/236]	Time 1.136 (28.567)	Loss -1.9050 (-1.8673)
Epoch: [5][25/236]	Time 1.135 (29.703)	Loss -1.8532 (-1.8668)
Epoch: [5][26/236]	Time 1.147 (30.849)	Loss -1.9787 (-1.8709)
Epoch: [5][27/236]	Time 1.140 (31.989)	Loss -1.8775 (-1.8711)
Epoch: [5][28/236]	Time 1.134 (33.123)	Loss -1.8429 (-1.8702)
Epoch: [5][29/236]	Time 1.140 (34.263)	Loss -1.8733 (-1.8703)
Epoch: [5][30/236]	Time 1.148 (35.411)	Loss -1.8278 (-1.8689)
Epoch: [5][31/236]	Time 1.143 (36.553)	Loss -1.8802 (-1.8693)
Epoch: [5][32/236]	Time 1.134 (37.687)	Loss -1.9390 (-1.8714)
Epoch: [5][33/236]	Time 1.177 (38.864)	Loss -1.9770 (-1.8745)
Epoch: [5][34/236]	Time 1.137 (40.001)	Loss -1.8862 (-1.8748)
Epoch: [5][35/236]	Time 1.138 (41.138)	Loss -1.8610 (-1.8744)
Epoch: [5][36/236]	Time 1.145 (42.283)	Loss -1.9435 (-1.8763)
Epoch: [5][37/236]	Time 1.135 (43.418)	Loss -1.8821 (-1.8764)
Epoch: [5][38/236]	Time 1.137 (44.555)	Loss -1.8644 (-1.8761)
Epoch: [5][39/236]	Time 1.143 (45.699)	Loss -1.5824 (-1.8688)
Epoch: [5][40/236]	Time 1.140 (46.838)	Loss -1.8236 (-1.8677)
Epoch: [5][41/236]	Time 1.141 (47.980)	Loss -1.4221 (-1.8571)
Epoch: [5][42/236]	Time 1.133 (49.113)	Loss -1.6487 (-1.8522)
Epoch: [5][43/236]	Time 1.135 (50.247)	Loss -1.4461 (-1.8430)
Epoch: [5][44/236]	Time 1.140 (51.388)	Loss -1.5315 (-1.8361)
Epoch: [5][45/236]	Time 1.144 (52.532)	Loss -1.3922 (-1.8264)
Epoch: [5][46/236]	Time 1.132 (53.664)	Loss -1.8112 (-1.8261)
Epoch: [5][47/236]	Time 1.139 (54.803)	Loss -1.7302 (-1.8241)
Epoch: [5][48/236]	Time 1.152 (55.954)	Loss -1.2278 (-1.8119)
Epoch: [5][49/236]	Time 1.144 (57.098)	Loss -1.8484 (-1.8127)
Epoch: [5][50/236]	Time 1.129 (58.227)	Loss -1.6851 (-1.8102)
Epoch: [5][51/236]	Time 1.132 (59.360)	Loss -1.6607 (-1.8073)
Epoch: [5][52/236]	Time 1.139 (60.498)	Loss -1.2770 (-1.7973)
Epoch: [5][53/236]	Time 1.146 (61.644)	Loss -1.5083 (-1.7919)
Epoch: [5][54/236]	Time 1.130 (62.774)	Loss -1.6715 (-1.7897)
Epoch: [5][55/236]	Time 1.134 (63.908)	Loss -1.8978 (-1.7917)
Epoch: [5][56/236]	Time 1.143 (65.051)	Loss -1.5020 (-1.7866)
Epoch: [5][57/236]	Time 1.138 (66.189)	Loss -1.2797 (-1.7779)
Epoch: [5][58/236]	Time 1.139 (67.328)	Loss -1.8975 (-1.7799)
Epoch: [5][59/236]	Time 1.136 (68.464)	Loss -1.7517 (-1.7794)
Epoch: [5][60/236]	Time 1.147 (69.611)	Loss -1.4475 (-1.7740)
Epoch: [5][61/236]	Time 1.149 (70.760)	Loss -1.7211 (-1.7731)
Epoch: [5][62/236]	Time 1.136 (71.897)	Loss -1.6524 (-1.7712)
Epoch: [5][63/236]	Time 1.139 (73.036)	Loss -1.1535 (-1.7615)
Epoch: [5][64/236]	Time 1.143 (74.179)	Loss -1.9206 (-1.7640)
Epoch: [5][65/236]	Time 1.142 (75.321)	Loss -1.5330 (-1.7605)
Epoch: [5][66/236]	Time 1.140 (76.461)	Loss -1.4224 (-1.7554)
Epoch: [5][67/236]	Time 1.134 (77.594)	Loss -1.2941 (-1.7487)
Epoch: [5][68/236]	Time 1.139 (78.733)	Loss -1.5810 (-1.7462)
Epoch: [5][69/236]	Time 1.144 (79.877)	Loss -1.5421 (-1.7433)
Epoch: [5][70/236]	Time 1.151 (81.029)	Loss -1.7861 (-1.7439)
Epoch: [5][71/236]	Time 1.148 (82.177)	Loss -1.8082 (-1.7448)
Epoch: [5][72/236]	Time 1.132 (83.309)	Loss -1.7254 (-1.7445)
Epoch: [5][73/236]	Time 1.133 (84.441)	Loss -1.8428 (-1.7459)
Epoch: [5][74/236]	Time 1.153 (85.595)	Loss -1.5281 (-1.7430)
Epoch: [5][75/236]	Time 1.140 (86.735)	Loss -1.8759 (-1.7447)
Epoch: [5][76/236]	Time 1.141 (87.875)	Loss -1.8065 (-1.7455)
Epoch: [5][77/236]	Time 1.131 (89.007)	Loss -1.7285 (-1.7453)
Epoch: [5][78/236]	Time 1.141 (90.148)	Loss -1.4876 (-1.7420)
Epoch: [5][79/236]	Time 1.143 (91.290)	Loss -1.3908 (-1.7376)
Epoch: [5][80/236]	Time 1.142 (92.433)	Loss -1.4834 (-1.7345)
Epoch: [5][81/236]	Time 1.130 (93.563)	Loss -1.4786 (-1.7314)
Epoch: [5][82/236]	Time 1.160 (94.724)	Loss -1.7759 (-1.7319)
Epoch: [5][83/236]	Time 1.138 (95.862)	Loss -1.6963 (-1.7315)
Epoch: [5][84/236]	Time 1.135 (96.997)	Loss -1.5524 (-1.7294)
Epoch: [5][85/236]	Time 1.148 (98.145)	Loss -1.4072 (-1.7256)
Epoch: [5][86/236]	Time 1.130 (99.275)	Loss -1.4001 (-1.7219)
Epoch: [5][87/236]	Time 1.136 (100.411)	Loss -1.6750 (-1.7214)
Epoch: [5][88/236]	Time 1.145 (101.556)	Loss -1.3094 (-1.7167)
Epoch: [5][89/236]	Time 1.143 (102.699)	Loss -1.5609 (-1.7150)
Epoch: [5][90/236]	Time 1.133 (103.832)	Loss -1.9086 (-1.7171)
Epoch: [5][91/236]	Time 1.136 (104.968)	Loss -1.8691 (-1.7188)
Epoch: [5][92/236]	Time 1.141 (106.109)	Loss -1.6754 (-1.7183)
Epoch: [5][93/236]	Time 1.149 (107.258)	Loss -1.5050 (-1.7161)
Epoch: [5][94/236]	Time 1.152 (108.411)	Loss -1.6640 (-1.7155)
